Using pre-set license
Built from '2020.3/release' branch; Version is '2020.3.12f1 (b3b2c6512326) revision 11776710'; Using compiler version '192528614'; Build Type 'Release'
OS: 'Windows 10 Home Single Language; OS build 19043.1526; Version 2009; 64bit' Language: 'en' Physical Memory: 23966 MB
BatchMode: 1, IsHumanControllingUs: 0, StartBugReporterOnCrash: 0, Is64bit: 1, IsPro: 0

 COMMAND LINE ARGUMENTS:
C:\Program Files\Unity\Hub\Editor\2020.3.12f1\Editor\Unity.exe
-adb2
-batchMode
-noUpm
-name
AssetImportWorker0
-projectPath
C:/unity/first/CodelessGame
-logFile
Logs/AssetImportWorker0.log
-srvPort
10845
Successfully changed project path to: C:/unity/first/CodelessGame
C:/unity/first/CodelessGame
Using Asset Import Pipeline V2.
Refreshing native plugins compatible for Editor in 30.80 ms, found 2 plugins.
Preloading 0 native plugins for Editor in 0.00 ms.
Initialize engine version: 2020.3.12f1 (b3b2c6512326)
[Subsystems] Discovering subsystems at path C:/Program Files/Unity/Hub/Editor/2020.3.12f1/Editor/Data/Resources/UnitySubsystems
[Subsystems] Discovering subsystems at path C:/unity/first/CodelessGame/Assets
GfxDevice: creating device client; threaded=0
Direct3D:
    Version:  Direct3D 11.0 [level 11.1]
    Renderer: AMD Radeon(TM) Graphics (ID=0x1638)
    Vendor:   
    VRAM:     11983 MB
    Driver:   27.20.14044.2001
Initialize mono
Mono path[0] = 'C:/Program Files/Unity/Hub/Editor/2020.3.12f1/Editor/Data/Managed'
Mono path[1] = 'C:/Program Files/Unity/Hub/Editor/2020.3.12f1/Editor/Data/MonoBleedingEdge/lib/mono/unityjit'
Mono config path = 'C:/Program Files/Unity/Hub/Editor/2020.3.12f1/Editor/Data/MonoBleedingEdge/etc'
Using monoOptions --debugger-agent=transport=dt_socket,embedding=1,server=y,suspend=n,address=127.0.0.1:56292
Begin MonoManager ReloadAssembly
Registering precompiled unity dll's ...
Register platform support module: C:/Program Files/Unity/Hub/Editor/2020.3.12f1/Editor/Data/PlaybackEngines/WebGLSupport/UnityEditor.WebGL.Extensions.dll
Register platform support module: C:/Program Files/Unity/Hub/Editor/2020.3.12f1/Editor/Data/PlaybackEngines/WindowsStandaloneSupport/UnityEditor.WindowsStandalone.Extensions.dll
Registered in 0.004483 seconds.
Native extension for WindowsStandalone target not found
Native extension for WebGL target not found
Refreshing native plugins compatible for Editor in 31.42 ms, found 2 plugins.
Preloading 0 native plugins for Editor in 0.00 ms.
Mono: successfully reloaded assembly
- Completed reload, in  1.424 seconds
Platform modules already initialized, skipping
Registering precompiled user dll's ...
Registered in 0.006029 seconds.
Begin MonoManager ReloadAssembly
Native extension for WindowsStandalone target not found
Native extension for WebGL target not found
Refreshing native plugins compatible for Editor in 0.39 ms, found 2 plugins.
Preloading 0 native plugins for Editor in 0.00 ms.
Mono: successfully reloaded assembly
- Completed reload, in  1.049 seconds
Platform modules already initialized, skipping
========================================================================
Worker process is ready to serve import requests
Launched and connected shader compiler UnityShaderCompiler.exe after 0.05 seconds
Refreshing native plugins compatible for Editor in 0.34 ms, found 2 plugins.
Preloading 0 native plugins for Editor in 0.00 ms.
Unloading 1386 Unused Serialized files (Serialized files now loaded: 0)
System memory in use before: 64.7 MB.
System memory in use after: 64.8 MB.

Unloading 19 unused Assets to reduce memory usage. Loaded Objects now: 1820.
Total: 1.941400 ms (FindLiveObjects: 0.161100 ms CreateObjectMapping: 0.035800 ms MarkObjects: 1.657700 ms  DeleteObjects: 0.085700 ms)

AssetImportParameters requested are different than current active one (requested -> active):
  custom:framework-win-MediaFoundation: 216162199b28c13a410421893ffa2e32 -> 
  custom:video-decoder-ogg-theora: a1e56fd34408186e4bbccfd4996cb3dc -> 
  custom:container-muxer-webm: aa71ff27fc2769a1b78a27578f13a17b -> 
  custom:container-demuxer-webm: 4f35f7cbe854078d1ac9338744f61a02 -> 
  custom:container-demuxer-ogg: 62fdf1f143b41e24485cea50d1cbac27 -> 
  custom:video-encoder-webm-vp8: eb34c28f22e8b96e1ab97ce403110664 -> 
  custom:video-codec-MediaFoundation-h265: 746d11721c4dcdbdad8f713fa42b33f4 -> 
  custom:video-decoder-webm-vp8: 9c59270c3fd7afecdb556c50c9e8de78 -> 
  custom:audio-decoder-ogg-vorbis: bf7c407c2cedff20999df2af8eb42d56 -> 
  custom:audio-encoder-webm-vorbis: bf7c407c2cedff20999df2af8eb42d56 -> 
========================================================================
Received Import Request.
  path: Assets/Materials/Glass.mat
  artifactKey: Guid(08ed25c536651ec4ea374900f93c88b3) Importer(815301076,1909f56bfc062723c751e8b465ee728b)
Start importing Assets/Materials/Glass.mat using Guid(08ed25c536651ec4ea374900f93c88b3) Importer(815301076,1909f56bfc062723c751e8b465ee728b)  -> (artifact id: '2f217d5f57c7335d4c845dcaa22d3116') in 0.128314 seconds 
  Import took 0.130899 seconds .

========================================================================
Received Prepare
Registering precompiled user dll's ...
Registered in 0.005758 seconds.
Begin MonoManager ReloadAssembly
Native extension for WindowsStandalone target not found
Native extension for WebGL target not found
Refreshing native plugins compatible for Editor in 0.36 ms, found 2 plugins.
Preloading 0 native plugins for Editor in 0.00 ms.
Mono: successfully reloaded assembly
- Completed reload, in  0.990 seconds
Platform modules already initialized, skipping
Refreshing native plugins compatible for Editor in 0.35 ms, found 2 plugins.
Preloading 0 native plugins for Editor in 0.00 ms.
Unloading 1381 Unused Serialized files (Serialized files now loaded: 0)
System memory in use before: 68.0 MB.
System memory in use after: 68.1 MB.

Unloading 14 unused Assets to reduce memory usage. Loaded Objects now: 1863.
Total: 1.901200 ms (FindLiveObjects: 0.139900 ms CreateObjectMapping: 0.035900 ms MarkObjects: 1.661800 ms  DeleteObjects: 0.062800 ms)

AssetImportParameters requested are different than current active one (requested -> active):
  custom:framework-win-MediaFoundation: 216162199b28c13a410421893ffa2e32 -> 
  custom:video-decoder-ogg-theora: a1e56fd34408186e4bbccfd4996cb3dc -> 
  custom:container-muxer-webm: aa71ff27fc2769a1b78a27578f13a17b -> 
  custom:container-demuxer-webm: 4f35f7cbe854078d1ac9338744f61a02 -> 
  custom:container-demuxer-ogg: 62fdf1f143b41e24485cea50d1cbac27 -> 
  custom:video-encoder-webm-vp8: eb34c28f22e8b96e1ab97ce403110664 -> 
  custom:video-codec-MediaFoundation-h265: 746d11721c4dcdbdad8f713fa42b33f4 -> 
  custom:video-decoder-webm-vp8: 9c59270c3fd7afecdb556c50c9e8de78 -> 
  custom:audio-decoder-ogg-vorbis: bf7c407c2cedff20999df2af8eb42d56 -> 
  custom:audio-encoder-webm-vorbis: bf7c407c2cedff20999df2af8eb42d56 -> 
========================================================================
Received Import Request.
  Time since last request: 292.684337 seconds.
  path: Assets/mixkit-arcade-game-complete-or-approved-mission-205.wav
  artifactKey: Guid(c287fb0c6337bc64095eff2a9b81dc7c) Importer(815301076,1909f56bfc062723c751e8b465ee728b)
Start importing Assets/mixkit-arcade-game-complete-or-approved-mission-205.wav using Guid(c287fb0c6337bc64095eff2a9b81dc7c) Importer(815301076,1909f56bfc062723c751e8b465ee728b)  -> (artifact id: '9fcaeeb2f52dbbfc19ff17ba3b190d59') in 0.063759 seconds 
  Import took 0.066807 seconds .

========================================================================
Received Import Request.
  Time since last request: 0.000269 seconds.
  path: Assets/mixkit-game-level-music-689.wav
  artifactKey: Guid(db190337f8487bf4fbb1841be10de73d) Importer(815301076,1909f56bfc062723c751e8b465ee728b)
Start importing Assets/mixkit-game-level-music-689.wav using Guid(db190337f8487bf4fbb1841be10de73d) Importer(815301076,1909f56bfc062723c751e8b465ee728b)  -> (artifact id: 'bb19388c7921e9feb8aef5c8cc70ff40') in 0.018725 seconds 
  Import took 0.021137 seconds .

========================================================================
Received Import Request.
  Time since last request: 0.001858 seconds.
  path: Assets/mixkit-game-level-music-689.wav
  artifactKey: Guid(db190337f8487bf4fbb1841be10de73d) Importer(815301076,1909f56bfc062723c751e8b465ee728b)
Start importing Assets/mixkit-game-level-music-689.wav using Guid(db190337f8487bf4fbb1841be10de73d) Importer(815301076,1909f56bfc062723c751e8b465ee728b)  -> (artifact id: 'bb19388c7921e9feb8aef5c8cc70ff40') in 0.014479 seconds 
  Import took 0.017622 seconds .

========================================================================
Received Import Request.
  Time since last request: 6.978891 seconds.
  path: Assets/Audio
  artifactKey: Guid(0ad7fe8eb89241445914c459be6b0425) Importer(815301076,1909f56bfc062723c751e8b465ee728b)
Start importing Assets/Audio using Guid(0ad7fe8eb89241445914c459be6b0425) Importer(815301076,1909f56bfc062723c751e8b465ee728b)  -> (artifact id: 'ce7ebcb2eabc6cb975e98dc4f4360c87') in 0.009322 seconds 
  Import took 0.012008 seconds .

========================================================================
Received Prepare
Registering precompiled user dll's ...
Registered in 0.005460 seconds.
Begin MonoManager ReloadAssembly
Native extension for WindowsStandalone target not found
Native extension for WebGL target not found
Refreshing native plugins compatible for Editor in 0.45 ms, found 2 plugins.
Preloading 0 native plugins for Editor in 0.00 ms.
Mono: successfully reloaded assembly
- Completed reload, in  0.978 seconds
Platform modules already initialized, skipping
Refreshing native plugins compatible for Editor in 0.34 ms, found 2 plugins.
Preloading 0 native plugins for Editor in 0.00 ms.
Unloading 1381 Unused Serialized files (Serialized files now loaded: 0)
System memory in use before: 68.1 MB.
System memory in use after: 68.2 MB.

Unloading 14 unused Assets to reduce memory usage. Loaded Objects now: 1869.
Total: 2.065300 ms (FindLiveObjects: 0.150200 ms CreateObjectMapping: 0.036200 ms MarkObjects: 1.818700 ms  DeleteObjects: 0.059300 ms)

AssetImportParameters requested are different than current active one (requested -> active):
  custom:framework-win-MediaFoundation: 216162199b28c13a410421893ffa2e32 -> 
  custom:video-decoder-ogg-theora: a1e56fd34408186e4bbccfd4996cb3dc -> 
  custom:container-muxer-webm: aa71ff27fc2769a1b78a27578f13a17b -> 
  custom:container-demuxer-webm: 4f35f7cbe854078d1ac9338744f61a02 -> 
  custom:container-demuxer-ogg: 62fdf1f143b41e24485cea50d1cbac27 -> 
  custom:video-encoder-webm-vp8: eb34c28f22e8b96e1ab97ce403110664 -> 
  custom:video-codec-MediaFoundation-h265: 746d11721c4dcdbdad8f713fa42b33f4 -> 
  custom:video-decoder-webm-vp8: 9c59270c3fd7afecdb556c50c9e8de78 -> 
  custom:audio-decoder-ogg-vorbis: bf7c407c2cedff20999df2af8eb42d56 -> 
  custom:audio-encoder-webm-vorbis: bf7c407c2cedff20999df2af8eb42d56 -> 
========================================================================
Received Prepare
Registering precompiled user dll's ...
Registered in 0.005260 seconds.
Begin MonoManager ReloadAssembly
Native extension for WindowsStandalone target not found
Native extension for WebGL target not found
Refreshing native plugins compatible for Editor in 0.35 ms, found 2 plugins.
Preloading 0 native plugins for Editor in 0.00 ms.
Mono: successfully reloaded assembly
- Completed reload, in  0.983 seconds
Platform modules already initialized, skipping
Refreshing native plugins compatible for Editor in 0.38 ms, found 2 plugins.
Preloading 0 native plugins for Editor in 0.00 ms.
Unloading 1381 Unused Serialized files (Serialized files now loaded: 0)
System memory in use before: 68.1 MB.
System memory in use after: 68.2 MB.

Unloading 14 unused Assets to reduce memory usage. Loaded Objects now: 1872.
Total: 2.146400 ms (FindLiveObjects: 0.175900 ms CreateObjectMapping: 0.036300 ms MarkObjects: 1.869200 ms  DeleteObjects: 0.063500 ms)

AssetImportParameters requested are different than current active one (requested -> active):
  custom:framework-win-MediaFoundation: 216162199b28c13a410421893ffa2e32 -> 
  custom:video-decoder-ogg-theora: a1e56fd34408186e4bbccfd4996cb3dc -> 
  custom:container-muxer-webm: aa71ff27fc2769a1b78a27578f13a17b -> 
  custom:container-demuxer-webm: 4f35f7cbe854078d1ac9338744f61a02 -> 
  custom:container-demuxer-ogg: 62fdf1f143b41e24485cea50d1cbac27 -> 
  custom:video-encoder-webm-vp8: eb34c28f22e8b96e1ab97ce403110664 -> 
  custom:video-codec-MediaFoundation-h265: 746d11721c4dcdbdad8f713fa42b33f4 -> 
  custom:video-decoder-webm-vp8: 9c59270c3fd7afecdb556c50c9e8de78 -> 
  custom:audio-decoder-ogg-vorbis: bf7c407c2cedff20999df2af8eb42d56 -> 
  custom:audio-encoder-webm-vorbis: bf7c407c2cedff20999df2af8eb42d56 -> 
========================================================================
Received Prepare
Registering precompiled user dll's ...
Registered in 0.004200 seconds.
Begin MonoManager ReloadAssembly
Native extension for WindowsStandalone target not found
Native extension for WebGL target not found
Refreshing native plugins compatible for Editor in 0.31 ms, found 2 plugins.
Preloading 0 native plugins for Editor in 0.00 ms.
Mono: successfully reloaded assembly
- Completed reload, in  0.705 seconds
Platform modules already initialized, skipping
Refreshing native plugins compatible for Editor in 0.28 ms, found 2 plugins.
Preloading 0 native plugins for Editor in 0.00 ms.
Unloading 1386 Unused Serialized files (Serialized files now loaded: 0)
System memory in use before: 68.2 MB.
System memory in use after: 68.3 MB.

Unloading 14 unused Assets to reduce memory usage. Loaded Objects now: 1881.
Total: 1.687000 ms (FindLiveObjects: 0.135000 ms CreateObjectMapping: 0.033400 ms MarkObjects: 1.474000 ms  DeleteObjects: 0.043900 ms)

AssetImportParameters requested are different than current active one (requested -> active):
  custom:framework-win-MediaFoundation: 216162199b28c13a410421893ffa2e32 -> 
  custom:video-decoder-ogg-theora: a1e56fd34408186e4bbccfd4996cb3dc -> 
  custom:container-muxer-webm: aa71ff27fc2769a1b78a27578f13a17b -> 
  custom:container-demuxer-webm: 4f35f7cbe854078d1ac9338744f61a02 -> 
  custom:container-demuxer-ogg: 62fdf1f143b41e24485cea50d1cbac27 -> 
  custom:video-encoder-webm-vp8: eb34c28f22e8b96e1ab97ce403110664 -> 
  custom:video-codec-MediaFoundation-h265: 746d11721c4dcdbdad8f713fa42b33f4 -> 
  custom:video-decoder-webm-vp8: 9c59270c3fd7afecdb556c50c9e8de78 -> 
  custom:audio-decoder-ogg-vorbis: bf7c407c2cedff20999df2af8eb42d56 -> 
  custom:audio-encoder-webm-vorbis: bf7c407c2cedff20999df2af8eb42d56 -> 
========================================================================
Received Prepare
Registering precompiled user dll's ...
Registered in 0.004143 seconds.
Begin MonoManager ReloadAssembly
Native extension for WindowsStandalone target not found
Native extension for WebGL target not found
Refreshing native plugins compatible for Editor in 0.31 ms, found 2 plugins.
Preloading 0 native plugins for Editor in 0.00 ms.
Mono: successfully reloaded assembly
- Completed reload, in  0.718 seconds
Platform modules already initialized, skipping
Refreshing native plugins compatible for Editor in 0.31 ms, found 2 plugins.
Preloading 0 native plugins for Editor in 0.00 ms.
Unloading 1387 Unused Serialized files (Serialized files now loaded: 0)
System memory in use before: 68.3 MB.
System memory in use after: 68.3 MB.

Unloading 14 unused Assets to reduce memory usage. Loaded Objects now: 1886.
Total: 1.722300 ms (FindLiveObjects: 0.127700 ms CreateObjectMapping: 0.036700 ms MarkObjects: 1.515900 ms  DeleteObjects: 0.041100 ms)

AssetImportParameters requested are different than current active one (requested -> active):
  custom:framework-win-MediaFoundation: 216162199b28c13a410421893ffa2e32 -> 
  custom:video-decoder-ogg-theora: a1e56fd34408186e4bbccfd4996cb3dc -> 
  custom:container-muxer-webm: aa71ff27fc2769a1b78a27578f13a17b -> 
  custom:container-demuxer-webm: 4f35f7cbe854078d1ac9338744f61a02 -> 
  custom:container-demuxer-ogg: 62fdf1f143b41e24485cea50d1cbac27 -> 
  custom:video-encoder-webm-vp8: eb34c28f22e8b96e1ab97ce403110664 -> 
  custom:video-codec-MediaFoundation-h265: 746d11721c4dcdbdad8f713fa42b33f4 -> 
  custom:video-decoder-webm-vp8: 9c59270c3fd7afecdb556c50c9e8de78 -> 
  custom:audio-decoder-ogg-vorbis: bf7c407c2cedff20999df2af8eb42d56 -> 
  custom:audio-encoder-webm-vorbis: bf7c407c2cedff20999df2af8eb42d56 -> 
========================================================================
Received Prepare
Registering precompiled user dll's ...
Registered in 0.004098 seconds.
Begin MonoManager ReloadAssembly
Native extension for WindowsStandalone target not found
Native extension for WebGL target not found
Refreshing native plugins compatible for Editor in 0.32 ms, found 2 plugins.
Preloading 0 native plugins for Editor in 0.00 ms.
Mono: successfully reloaded assembly
- Completed reload, in  0.714 seconds
Platform modules already initialized, skipping
Refreshing native plugins compatible for Editor in 0.31 ms, found 2 plugins.
Preloading 0 native plugins for Editor in 0.00 ms.
Unloading 1391 Unused Serialized files (Serialized files now loaded: 0)
System memory in use before: 68.4 MB.
System memory in use after: 68.4 MB.

Unloading 14 unused Assets to reduce memory usage. Loaded Objects now: 1893.
Total: 1.852000 ms (FindLiveObjects: 0.126200 ms CreateObjectMapping: 0.036500 ms MarkObjects: 1.642700 ms  DeleteObjects: 0.045800 ms)

AssetImportParameters requested are different than current active one (requested -> active):
  custom:framework-win-MediaFoundation: 216162199b28c13a410421893ffa2e32 -> 
  custom:video-decoder-ogg-theora: a1e56fd34408186e4bbccfd4996cb3dc -> 
  custom:container-muxer-webm: aa71ff27fc2769a1b78a27578f13a17b -> 
  custom:container-demuxer-webm: 4f35f7cbe854078d1ac9338744f61a02 -> 
  custom:container-demuxer-ogg: 62fdf1f143b41e24485cea50d1cbac27 -> 
  custom:video-encoder-webm-vp8: eb34c28f22e8b96e1ab97ce403110664 -> 
  custom:video-codec-MediaFoundation-h265: 746d11721c4dcdbdad8f713fa42b33f4 -> 
  custom:video-decoder-webm-vp8: 9c59270c3fd7afecdb556c50c9e8de78 -> 
  custom:audio-decoder-ogg-vorbis: bf7c407c2cedff20999df2af8eb42d56 -> 
  custom:audio-encoder-webm-vorbis: bf7c407c2cedff20999df2af8eb42d56 -> 
========================================================================
Received Import Request.
  Time since last request: 2016.764140 seconds.
  path: Assets/3LE Low Poly Cloud Pack
  artifactKey: Guid(9a336eefb67370949935dc2ea1a0e004) Importer(815301076,1909f56bfc062723c751e8b465ee728b)
Start importing Assets/3LE Low Poly Cloud Pack using Guid(9a336eefb67370949935dc2ea1a0e004) Importer(815301076,1909f56bfc062723c751e8b465ee728b)  -> (artifact id: 'b16036f481c0dde681ed3137cbb85d70') in 0.007705 seconds 
  Import took 0.010023 seconds .

========================================================================
Received Import Request.
  Time since last request: 19.118979 seconds.
  path: Assets/3LE Low Poly Cloud Pack/Models
  artifactKey: Guid(852c4fbed6faab340add9cbaa3092d36) Importer(815301076,1909f56bfc062723c751e8b465ee728b)
Start importing Assets/3LE Low Poly Cloud Pack/Models using Guid(852c4fbed6faab340add9cbaa3092d36) Importer(815301076,1909f56bfc062723c751e8b465ee728b)  -> (artifact id: '0361ce73e76b039a064371b5a1bddd2e') in 0.006784 seconds 
  Import took 0.009080 seconds .

========================================================================
Received Import Request.
  Time since last request: 0.068753 seconds.
  path: Assets/3LE Low Poly Cloud Pack/Models/Cloud_Cumulus.fbx
  artifactKey: Guid(6e253dc59c001e44ab9d35ee01215549) Importer(815301076,1909f56bfc062723c751e8b465ee728b)
Start importing Assets/3LE Low Poly Cloud Pack/Models/Cloud_Cumulus.fbx using Guid(6e253dc59c001e44ab9d35ee01215549) Importer(815301076,1909f56bfc062723c751e8b465ee728b)  -> (artifact id: '491fb8bb9f36d162218a7416242022d9') in 0.142157 seconds 
  Import took 0.144507 seconds .

========================================================================
Received Import Request.
  Time since last request: 0.000176 seconds.
  path: Assets/3LE Low Poly Cloud Pack/Models/Cloud_Swirls_Small.fbx
  artifactKey: Guid(ec8da4f39c5eb934893a42ddb1cd191f) Importer(815301076,1909f56bfc062723c751e8b465ee728b)
Start importing Assets/3LE Low Poly Cloud Pack/Models/Cloud_Swirls_Small.fbx using Guid(ec8da4f39c5eb934893a42ddb1cd191f) Importer(815301076,1909f56bfc062723c751e8b465ee728b)  -> (artifact id: '215eb62d70262d9ab2858151d6e4c955') in 0.012764 seconds 
  Import took 0.014743 seconds .

========================================================================
Received Import Request.
  Time since last request: 0.000181 seconds.
  path: Assets/3LE Low Poly Cloud Pack/Models/Clouds_cumulonimbus.fbx
  artifactKey: Guid(84bc9d52f9a093247beae982bd6c37d1) Importer(815301076,1909f56bfc062723c751e8b465ee728b)
Start importing Assets/3LE Low Poly Cloud Pack/Models/Clouds_cumulonimbus.fbx using Guid(84bc9d52f9a093247beae982bd6c37d1) Importer(815301076,1909f56bfc062723c751e8b465ee728b)  -> (artifact id: 'ba6c6aa5a0bf306ccd75f6c5375e6d7a') in 0.013436 seconds 
  Import took 0.015396 seconds .

========================================================================
Received Import Request.
  Time since last request: 0.000177 seconds.
  path: Assets/3LE Low Poly Cloud Pack/Models/Cloud_Cumulus_Fluffy.fbx
  artifactKey: Guid(a6acf282455bcbe49b74fd34fff0a6be) Importer(815301076,1909f56bfc062723c751e8b465ee728b)
Start importing Assets/3LE Low Poly Cloud Pack/Models/Cloud_Cumulus_Fluffy.fbx using Guid(a6acf282455bcbe49b74fd34fff0a6be) Importer(815301076,1909f56bfc062723c751e8b465ee728b)  -> (artifact id: '4bb5cadf4420815e6ea3428d0fac7cc5') in 0.012900 seconds 
  Import took 0.014782 seconds .

========================================================================
Received Import Request.
  Time since last request: 0.000192 seconds.
  path: Assets/3LE Low Poly Cloud Pack/Models/Cloud_Cumulus_Med.fbx
  artifactKey: Guid(74b8105a60af1c84394ac279e7081b79) Importer(815301076,1909f56bfc062723c751e8b465ee728b)
Start importing Assets/3LE Low Poly Cloud Pack/Models/Cloud_Cumulus_Med.fbx using Guid(74b8105a60af1c84394ac279e7081b79) Importer(815301076,1909f56bfc062723c751e8b465ee728b)  -> (artifact id: 'dbc5a6add5cbec01f585db6928433b2d') in 0.011947 seconds 
  Import took 0.014298 seconds .

========================================================================
Received Import Request.
  Time since last request: 0.000181 seconds.
  path: Assets/3LE Low Poly Cloud Pack/Models/Cloud_Strato.fbx
  artifactKey: Guid(85c7b36c43c3b5d4bb144cc09fc55f71) Importer(815301076,1909f56bfc062723c751e8b465ee728b)
Start importing Assets/3LE Low Poly Cloud Pack/Models/Cloud_Strato.fbx using Guid(85c7b36c43c3b5d4bb144cc09fc55f71) Importer(815301076,1909f56bfc062723c751e8b465ee728b)  -> (artifact id: '2383c0eb907eec35ce15bb75175d8b9d') in 0.013352 seconds 
  Import took 0.015492 seconds .

========================================================================
Received Import Request.
  Time since last request: 0.000187 seconds.
  path: Assets/3LE Low Poly Cloud Pack/Models/Cloud_Swirls.fbx
  artifactKey: Guid(a546d0066a2fa09418bbc5158bf3fee9) Importer(815301076,1909f56bfc062723c751e8b465ee728b)
Start importing Assets/3LE Low Poly Cloud Pack/Models/Cloud_Swirls.fbx using Guid(a546d0066a2fa09418bbc5158bf3fee9) Importer(815301076,1909f56bfc062723c751e8b465ee728b)  -> (artifact id: '421e1044cfb4984c775d776f6a82696d') in 0.011888 seconds 
  Import took 0.013827 seconds .

========================================================================
Received Import Request.
  Time since last request: 0.000208 seconds.
  path: Assets/3LE Low Poly Cloud Pack/Models/Clouds_stratus.fbx
  artifactKey: Guid(e0f44c853e3967d4ca02c833371c7171) Importer(815301076,1909f56bfc062723c751e8b465ee728b)
Start importing Assets/3LE Low Poly Cloud Pack/Models/Clouds_stratus.fbx using Guid(e0f44c853e3967d4ca02c833371c7171) Importer(815301076,1909f56bfc062723c751e8b465ee728b)  -> (artifact id: 'bc086952dfebb3f9b89a441aa98d32a3') in 0.014351 seconds 
  Import took 0.016989 seconds .

========================================================================
Received Import Request.
  Time since last request: 3.014082 seconds.
  path: Assets/3LE Low Poly Cloud Pack/Models/Materials
  artifactKey: Guid(3c4bf04abe207cd458b94b507d0d169d) Importer(815301076,1909f56bfc062723c751e8b465ee728b)
Start importing Assets/3LE Low Poly Cloud Pack/Models/Materials using Guid(3c4bf04abe207cd458b94b507d0d169d) Importer(815301076,1909f56bfc062723c751e8b465ee728b)  -> (artifact id: '5353e8fb3c86279d8981fcf51f73a25f') in 0.005940 seconds 
  Import took 0.008210 seconds .

========================================================================
Received Import Request.
  Time since last request: 0.087906 seconds.
  path: Assets/3LE Low Poly Cloud Pack/Models/Materials/Cloud_cumulus.mat
  artifactKey: Guid(6b9f3ceb7b8a4494b81c12bb67f6a014) Importer(815301076,1909f56bfc062723c751e8b465ee728b)
Start importing Assets/3LE Low Poly Cloud Pack/Models/Materials/Cloud_cumulus.mat using Guid(6b9f3ceb7b8a4494b81c12bb67f6a014) Importer(815301076,1909f56bfc062723c751e8b465ee728b)  -> (artifact id: '79822deea1f743c042a82550cc4408a7') in 0.019935 seconds 
  Import took 0.022167 seconds .

========================================================================
Received Import Request.
  Time since last request: 0.000224 seconds.
  path: Assets/3LE Low Poly Cloud Pack/Models/Materials/Clouds_cumulonimbus.mat
  artifactKey: Guid(2fa1edf430f612945a70dd86b50e2479) Importer(815301076,1909f56bfc062723c751e8b465ee728b)
Start importing Assets/3LE Low Poly Cloud Pack/Models/Materials/Clouds_cumulonimbus.mat using Guid(2fa1edf430f612945a70dd86b50e2479) Importer(815301076,1909f56bfc062723c751e8b465ee728b)  -> (artifact id: '7eca11645ce01afaa02169599fc881d6') in 0.006263 seconds 
  Import took 0.008221 seconds .

========================================================================
Received Import Request.
  Time since last request: 0.000147 seconds.
  path: Assets/3LE Low Poly Cloud Pack/Models/Materials/Clouds_Swirls.mat
  artifactKey: Guid(012ff92e38d62cc49959d9c8454d59b8) Importer(815301076,1909f56bfc062723c751e8b465ee728b)
Start importing Assets/3LE Low Poly Cloud Pack/Models/Materials/Clouds_Swirls.mat using Guid(012ff92e38d62cc49959d9c8454d59b8) Importer(815301076,1909f56bfc062723c751e8b465ee728b)  -> (artifact id: '7f7ff155a6580c948efdd3285e8d8a8b') in 0.009898 seconds 
  Import took 0.011659 seconds .

========================================================================
Received Import Request.
  Time since last request: 0.000176 seconds.
  path: Assets/3LE Low Poly Cloud Pack/Models/Materials/Clouds_cumulus_puffy.mat
  artifactKey: Guid(4ebb047424c76254d96e701ec6552c7e) Importer(815301076,1909f56bfc062723c751e8b465ee728b)
Start importing Assets/3LE Low Poly Cloud Pack/Models/Materials/Clouds_cumulus_puffy.mat using Guid(4ebb047424c76254d96e701ec6552c7e) Importer(815301076,1909f56bfc062723c751e8b465ee728b)  -> (artifact id: 'b342393754067f41e6a067e62f897257') in 0.010081 seconds 
  Import took 0.012047 seconds .

========================================================================
Received Import Request.
  Time since last request: 0.000181 seconds.
  path: Assets/3LE Low Poly Cloud Pack/Models/Materials/Clouds_Strato.mat
  artifactKey: Guid(3caf37f89b2b5444ca6a473c8a1d70c1) Importer(815301076,1909f56bfc062723c751e8b465ee728b)
Start importing Assets/3LE Low Poly Cloud Pack/Models/Materials/Clouds_Strato.mat using Guid(3caf37f89b2b5444ca6a473c8a1d70c1) Importer(815301076,1909f56bfc062723c751e8b465ee728b)  -> (artifact id: 'fd8ad799f99c96cf455788657cb3604c') in 0.010225 seconds 
  Import took 0.012164 seconds .

========================================================================
Received Import Request.
  Time since last request: 0.000166 seconds.
  path: Assets/3LE Low Poly Cloud Pack/Models/Materials/Clouds_stratus.mat
  artifactKey: Guid(032d8fc51acc39b4dae762d59ed273fc) Importer(815301076,1909f56bfc062723c751e8b465ee728b)
Start importing Assets/3LE Low Poly Cloud Pack/Models/Materials/Clouds_stratus.mat using Guid(032d8fc51acc39b4dae762d59ed273fc) Importer(815301076,1909f56bfc062723c751e8b465ee728b)  -> (artifact id: 'db628d6975e210de9a571e5caeaedd59') in 0.006661 seconds 
  Import took 0.008532 seconds .

========================================================================
Received Import Request.
  Time since last request: 42.251849 seconds.
  path: Assets/3LE Low Poly Cloud Pack/Prefabs
  artifactKey: Guid(b924b28d3c8aaba42af99c9ff2212c80) Importer(815301076,1909f56bfc062723c751e8b465ee728b)
Start importing Assets/3LE Low Poly Cloud Pack/Prefabs using Guid(b924b28d3c8aaba42af99c9ff2212c80) Importer(815301076,1909f56bfc062723c751e8b465ee728b)  -> (artifact id: '7c7e8ed976887f5e34b01598076b5371') in 0.006330 seconds 
  Import took 0.008637 seconds .

========================================================================
Received Import Request.
  Time since last request: 0.069599 seconds.
  path: Assets/3LE Low Poly Cloud Pack/Prefabs/Clouds_Cumulonimbus_G1.prefab
  artifactKey: Guid(7a7ada80b7910bb47aa7c5434361abb6) Importer(815301076,1909f56bfc062723c751e8b465ee728b)
Start importing Assets/3LE Low Poly Cloud Pack/Prefabs/Clouds_Cumulonimbus_G1.prefab using Guid(7a7ada80b7910bb47aa7c5434361abb6) Importer(815301076,1909f56bfc062723c751e8b465ee728b)  -> (artifact id: '068f754d6369e48f7d6026a0cd48fb97') in 0.015333 seconds 
  Import took 0.017922 seconds .

========================================================================
Received Import Request.
  Time since last request: 0.000165 seconds.
  path: Assets/3LE Low Poly Cloud Pack/Prefabs/Clouds_Cumulonimbus_G2.prefab
  artifactKey: Guid(20822131f7a068849967c4eb0328c80d) Importer(815301076,1909f56bfc062723c751e8b465ee728b)
Start importing Assets/3LE Low Poly Cloud Pack/Prefabs/Clouds_Cumulonimbus_G2.prefab using Guid(20822131f7a068849967c4eb0328c80d) Importer(815301076,1909f56bfc062723c751e8b465ee728b)  -> (artifact id: '1045737d3738466656dd41004af10af6') in 0.011706 seconds 
  Import took 0.013707 seconds .

========================================================================
Received Import Request.
  Time since last request: 0.000166 seconds.
  path: Assets/3LE Low Poly Cloud Pack/Prefabs/Clouds_Stratus_G2.prefab
  artifactKey: Guid(bcea47ee6f529ae49bd4e17c7203013a) Importer(815301076,1909f56bfc062723c751e8b465ee728b)
Start importing Assets/3LE Low Poly Cloud Pack/Prefabs/Clouds_Stratus_G2.prefab using Guid(bcea47ee6f529ae49bd4e17c7203013a) Importer(815301076,1909f56bfc062723c751e8b465ee728b)  -> (artifact id: 'd9f3af8e1f417cbb34e0782c07333d93') in 0.010143 seconds 
  Import took 0.012349 seconds .

========================================================================
Received Import Request.
  Time since last request: 0.000177 seconds.
  path: Assets/3LE Low Poly Cloud Pack/Prefabs/Clouds_Swirls_G2.prefab
  artifactKey: Guid(89b3a320a09b72848bd1a24f275e683e) Importer(815301076,1909f56bfc062723c751e8b465ee728b)
Start importing Assets/3LE Low Poly Cloud Pack/Prefabs/Clouds_Swirls_G2.prefab using Guid(89b3a320a09b72848bd1a24f275e683e) Importer(815301076,1909f56bfc062723c751e8b465ee728b)  -> (artifact id: '86411a93973055d44e2312c87a1ad3a5') in 0.010917 seconds 
  Import took 0.012965 seconds .

========================================================================
Received Import Request.
  Time since last request: 0.000176 seconds.
  path: Assets/3LE Low Poly Cloud Pack/Prefabs/Clouds_Strato_G2.prefab
  artifactKey: Guid(79f3726e667d7254296b8aef52d0f074) Importer(815301076,1909f56bfc062723c751e8b465ee728b)
Start importing Assets/3LE Low Poly Cloud Pack/Prefabs/Clouds_Strato_G2.prefab using Guid(79f3726e667d7254296b8aef52d0f074) Importer(815301076,1909f56bfc062723c751e8b465ee728b)  -> (artifact id: '5a6ae66425310af89dbdfa9be16c83e5') in 0.009955 seconds 
  Import took 0.011894 seconds .

========================================================================
Received Import Request.
  Time since last request: 0.000153 seconds.
  path: Assets/3LE Low Poly Cloud Pack/Prefabs/Clouds_Strato_G1.prefab
  artifactKey: Guid(9ee1a2ad264aa2040bef16ca093d6046) Importer(815301076,1909f56bfc062723c751e8b465ee728b)
Start importing Assets/3LE Low Poly Cloud Pack/Prefabs/Clouds_Strato_G1.prefab using Guid(9ee1a2ad264aa2040bef16ca093d6046) Importer(815301076,1909f56bfc062723c751e8b465ee728b)  -> (artifact id: 'b30e248c31ab0f9fa00654b2516133f3') in 0.009573 seconds 
  Import took 0.011469 seconds .

========================================================================
Received Import Request.
  Time since last request: 0.000164 seconds.
  path: Assets/3LE Low Poly Cloud Pack/Prefabs/Clouds_Cumulus_G2.prefab
  artifactKey: Guid(e5a9e0b66bb8a8b47a28819231a34fc2) Importer(815301076,1909f56bfc062723c751e8b465ee728b)
Start importing Assets/3LE Low Poly Cloud Pack/Prefabs/Clouds_Cumulus_G2.prefab using Guid(e5a9e0b66bb8a8b47a28819231a34fc2) Importer(815301076,1909f56bfc062723c751e8b465ee728b)  -> (artifact id: '0f1a85a391fd4717f85cc318571e0d67') in 0.010885 seconds 
  Import took 0.012985 seconds .

========================================================================
Received Import Request.
  Time since last request: 0.000185 seconds.
  path: Assets/3LE Low Poly Cloud Pack/Prefabs/Clouds_Swirls_G1.prefab
  artifactKey: Guid(b94cc7cff6b6e2645a5e7c1ce686314b) Importer(815301076,1909f56bfc062723c751e8b465ee728b)
Start importing Assets/3LE Low Poly Cloud Pack/Prefabs/Clouds_Swirls_G1.prefab using Guid(b94cc7cff6b6e2645a5e7c1ce686314b) Importer(815301076,1909f56bfc062723c751e8b465ee728b)  -> (artifact id: 'ff7bceaeb59923932cd845ec236856fe') in 0.010783 seconds 
  Import took 0.012828 seconds .

========================================================================
Received Import Request.
  Time since last request: 0.000171 seconds.
  path: Assets/3LE Low Poly Cloud Pack/Prefabs/Clouds_Cumulus_G1.prefab
  artifactKey: Guid(decc2ba5add7b984aab134a07b436422) Importer(815301076,1909f56bfc062723c751e8b465ee728b)
Start importing Assets/3LE Low Poly Cloud Pack/Prefabs/Clouds_Cumulus_G1.prefab using Guid(decc2ba5add7b984aab134a07b436422) Importer(815301076,1909f56bfc062723c751e8b465ee728b)  -> (artifact id: 'de83780bcb44d9a43cb6e77d86668b35') in 0.011775 seconds 
  Import took 0.014063 seconds .

========================================================================
Received Import Request.
  Time since last request: 0.000159 seconds.
  path: Assets/3LE Low Poly Cloud Pack/Prefabs/Clouds_Stratus_G1.prefab
  artifactKey: Guid(01bebc0732355504095ed95d90508654) Importer(815301076,1909f56bfc062723c751e8b465ee728b)
Start importing Assets/3LE Low Poly Cloud Pack/Prefabs/Clouds_Stratus_G1.prefab using Guid(01bebc0732355504095ed95d90508654) Importer(815301076,1909f56bfc062723c751e8b465ee728b)  -> (artifact id: '29b4093934e24c9485de73cf3ca6965b') in 0.010769 seconds 
  Import took 0.013553 seconds .

========================================================================
Received Import Request.
  Time since last request: 478.498048 seconds.
  path: Assets/Icons UI
  artifactKey: Guid(57e1de4526966e54d82db62fdd7c8b45) Importer(815301076,1909f56bfc062723c751e8b465ee728b)
Start importing Assets/Icons UI using Guid(57e1de4526966e54d82db62fdd7c8b45) Importer(815301076,1909f56bfc062723c751e8b465ee728b)  -> (artifact id: 'ca356f88b08c4259598360817e525237') in 0.006653 seconds 
  Import took 0.009336 seconds .

========================================================================
Received Import Request.
  Time since last request: 5.171726 seconds.
  path: Assets/Icons UI/file eps
  artifactKey: Guid(47fd4c9908e5cee4591879350fc803ed) Importer(815301076,1909f56bfc062723c751e8b465ee728b)
Start importing Assets/Icons UI/file eps using Guid(47fd4c9908e5cee4591879350fc803ed) Importer(815301076,1909f56bfc062723c751e8b465ee728b)  -> (artifact id: 'aaff8e5b3c435bc7c75523ecbc495bfd') in 0.006306 seconds 
  Import took 0.008537 seconds .

========================================================================
Received Import Request.
  Time since last request: 0.708194 seconds.
  path: Assets/Icons UI/file eps/Icons UI.eps
  artifactKey: Guid(acd6d835a2403e54ea0db539b7ba2211) Importer(815301076,1909f56bfc062723c751e8b465ee728b)
Start importing Assets/Icons UI/file eps/Icons UI.eps using Guid(acd6d835a2403e54ea0db539b7ba2211) Importer(815301076,1909f56bfc062723c751e8b465ee728b)  -> (artifact id: '4273b96bb9f4b302757fc6fb63d80b6e') in 0.004306 seconds 
  Import took 0.006753 seconds .

========================================================================
Received Import Request.
  Time since last request: 0.000242 seconds.
  path: Assets/Icons UI/file eps/Icons UI.eps
  artifactKey: Guid(acd6d835a2403e54ea0db539b7ba2211) Importer(815301076,1909f56bfc062723c751e8b465ee728b)
Start importing Assets/Icons UI/file eps/Icons UI.eps using Guid(acd6d835a2403e54ea0db539b7ba2211) Importer(815301076,1909f56bfc062723c751e8b465ee728b)  -> (artifact id: '4273b96bb9f4b302757fc6fb63d80b6e') in 0.002824 seconds 
  Import took 0.005174 seconds .

========================================================================
Received Import Request.
  Time since last request: 1.758090 seconds.
  path: Assets/Icons UI/Icons color
  artifactKey: Guid(16157bc8c43a35c4ab1ba01cd6e80e87) Importer(815301076,1909f56bfc062723c751e8b465ee728b)
Start importing Assets/Icons UI/Icons color using Guid(16157bc8c43a35c4ab1ba01cd6e80e87) Importer(815301076,1909f56bfc062723c751e8b465ee728b)  -> (artifact id: '7da615093b4bf7ffcfea1685cb1e54e1') in 0.006185 seconds 
  Import took 0.008593 seconds .

========================================================================
Received Import Request.
  Time since last request: 0.097186 seconds.
  path: Assets/Icons UI/Icons color/1.png
  artifactKey: Guid(f0d6ea189fe88b941a6c7fefa35109cd) Importer(815301076,1909f56bfc062723c751e8b465ee728b)
Start importing Assets/Icons UI/Icons color/1.png using Guid(f0d6ea189fe88b941a6c7fefa35109cd) Importer(815301076,1909f56bfc062723c751e8b465ee728b)  -> (artifact id: 'f360acb502b545e194ce4c43034ad5fe') in 0.032444 seconds 
  Import took 0.034811 seconds .

========================================================================
Received Import Request.
  Time since last request: 0.000198 seconds.
  path: Assets/Icons UI/Icons color/8.png
  artifactKey: Guid(5e90de1d9a5f57f40bc1bc36cc86964e) Importer(815301076,1909f56bfc062723c751e8b465ee728b)
Start importing Assets/Icons UI/Icons color/8.png using Guid(5e90de1d9a5f57f40bc1bc36cc86964e) Importer(815301076,1909f56bfc062723c751e8b465ee728b)  -> (artifact id: '06b0e56f00ef663ed6c7bc512b674497') in 0.011646 seconds 
  Import took 0.013609 seconds .

========================================================================
Received Import Request.
  Time since last request: 0.000159 seconds.
  path: Assets/Icons UI/Icons color/12.png
  artifactKey: Guid(3cc767b5ac54d6e43815aa8342ebf307) Importer(815301076,1909f56bfc062723c751e8b465ee728b)
Start importing Assets/Icons UI/Icons color/12.png using Guid(3cc767b5ac54d6e43815aa8342ebf307) Importer(815301076,1909f56bfc062723c751e8b465ee728b)  -> (artifact id: 'bc7b9d8d99e0eb641e3c93e3afca2234') in 0.011657 seconds 
  Import took 0.013936 seconds .

========================================================================
Received Import Request.
  Time since last request: 0.000391 seconds.
  path: Assets/Icons UI/Icons color/38.png
  artifactKey: Guid(3483bae94350ccf439794fe014c19697) Importer(815301076,1909f56bfc062723c751e8b465ee728b)
Start importing Assets/Icons UI/Icons color/38.png using Guid(3483bae94350ccf439794fe014c19697) Importer(815301076,1909f56bfc062723c751e8b465ee728b)  -> (artifact id: 'e103b2569f46c54bdd98036a99032d99') in 0.012196 seconds 
  Import took 0.015250 seconds .

========================================================================
Received Import Request.
  Time since last request: 0.000259 seconds.
  path: Assets/Icons UI/Icons color/49.png
  artifactKey: Guid(a971857a5bd5c5c47ab56f4319b61e13) Importer(815301076,1909f56bfc062723c751e8b465ee728b)
Start importing Assets/Icons UI/Icons color/49.png using Guid(a971857a5bd5c5c47ab56f4319b61e13) Importer(815301076,1909f56bfc062723c751e8b465ee728b)  -> (artifact id: '7de58b817731eb11c48aa1ab3a2b5782') in 0.012002 seconds 
  Import took 0.014306 seconds .

========================================================================
Received Import Request.
  Time since last request: 0.000196 seconds.
  path: Assets/Icons UI/Icons color/9.png
  artifactKey: Guid(a0ba6cbb66a2cd14da348d59e46d9afd) Importer(815301076,1909f56bfc062723c751e8b465ee728b)
Start importing Assets/Icons UI/Icons color/9.png using Guid(a0ba6cbb66a2cd14da348d59e46d9afd) Importer(815301076,1909f56bfc062723c751e8b465ee728b)  -> (artifact id: 'eab062fef384bf55239e2ec66ec55ec1') in 0.013458 seconds 
  Import took 0.015849 seconds .

========================================================================
Received Import Request.
  Time since last request: 0.000168 seconds.
  path: Assets/Icons UI/Icons color/16.png
  artifactKey: Guid(273c5baa1aa02aa4a9e0b619883ed20b) Importer(815301076,1909f56bfc062723c751e8b465ee728b)
Start importing Assets/Icons UI/Icons color/16.png using Guid(273c5baa1aa02aa4a9e0b619883ed20b) Importer(815301076,1909f56bfc062723c751e8b465ee728b)  -> (artifact id: 'bdc1912b8795a6f24718486e29756516') in 0.012172 seconds 
  Import took 0.014426 seconds .

========================================================================
Received Import Request.
  Time since last request: 0.000174 seconds.
  path: Assets/Icons UI/Icons color/10.png
  artifactKey: Guid(732c697a802de274e9e45e0ba7407656) Importer(815301076,1909f56bfc062723c751e8b465ee728b)
Start importing Assets/Icons UI/Icons color/10.png using Guid(732c697a802de274e9e45e0ba7407656) Importer(815301076,1909f56bfc062723c751e8b465ee728b)  -> (artifact id: 'bc99ffb43b6d71c343c230a26a173f90') in 0.012200 seconds 
  Import took 0.014664 seconds .

========================================================================
Received Import Request.
  Time since last request: 0.000212 seconds.
  path: Assets/Icons UI/Icons color/35.png
  artifactKey: Guid(72a435f2be1b53f4daeb9bf58a1a54cd) Importer(815301076,1909f56bfc062723c751e8b465ee728b)
Start importing Assets/Icons UI/Icons color/35.png using Guid(72a435f2be1b53f4daeb9bf58a1a54cd) Importer(815301076,1909f56bfc062723c751e8b465ee728b)  -> (artifact id: 'ad291fbb90bf138b26214969c4482f88') in 0.011787 seconds 
  Import took 0.014303 seconds .

========================================================================
Received Import Request.
  Time since last request: 0.000191 seconds.
  path: Assets/Icons UI/Icons color/58.png
  artifactKey: Guid(8be7816805b133f4abd2eb613de3e2d0) Importer(815301076,1909f56bfc062723c751e8b465ee728b)
Start importing Assets/Icons UI/Icons color/58.png using Guid(8be7816805b133f4abd2eb613de3e2d0) Importer(815301076,1909f56bfc062723c751e8b465ee728b)  -> (artifact id: 'cd5446c4281f7084cfac8d2bec4176a9') in 0.012710 seconds 
  Import took 0.015172 seconds .

========================================================================
Received Import Request.
  Time since last request: 0.000180 seconds.
  path: Assets/Icons UI/Icons color/53.png
  artifactKey: Guid(e8538d70a6a8bb640afcf63239090800) Importer(815301076,1909f56bfc062723c751e8b465ee728b)
Start importing Assets/Icons UI/Icons color/53.png using Guid(e8538d70a6a8bb640afcf63239090800) Importer(815301076,1909f56bfc062723c751e8b465ee728b)  -> (artifact id: '51da5834e4025582e35d004df3019b74') in 0.012809 seconds 
  Import took 0.015387 seconds .

========================================================================
Received Import Request.
  Time since last request: 0.000191 seconds.
  path: Assets/Icons UI/Icons color/21.png
  artifactKey: Guid(4401e558e095aaf43bf1940666b85b2d) Importer(815301076,1909f56bfc062723c751e8b465ee728b)
Start importing Assets/Icons UI/Icons color/21.png using Guid(4401e558e095aaf43bf1940666b85b2d) Importer(815301076,1909f56bfc062723c751e8b465ee728b)  -> (artifact id: '431324bbc6115660efcde45eccda7e7b') in 0.013072 seconds 
  Import took 0.015321 seconds .

========================================================================
Received Import Request.
  Time since last request: 0.000211 seconds.
  path: Assets/Icons UI/Icons color/78.png
  artifactKey: Guid(02d5b819751f21b4eaf6306ecaeee795) Importer(815301076,1909f56bfc062723c751e8b465ee728b)
Start importing Assets/Icons UI/Icons color/78.png using Guid(02d5b819751f21b4eaf6306ecaeee795) Importer(815301076,1909f56bfc062723c751e8b465ee728b)  -> (artifact id: 'ebb6df4a8a1e191a315b639a63254cfa') in 0.011876 seconds 
  Import took 0.014690 seconds .

========================================================================
Received Import Request.
  Time since last request: 0.000152 seconds.
  path: Assets/Icons UI/Icons color/29.png
  artifactKey: Guid(f3cc2c3aff7b92a41adacadfa11845dd) Importer(815301076,1909f56bfc062723c751e8b465ee728b)
Start importing Assets/Icons UI/Icons color/29.png using Guid(f3cc2c3aff7b92a41adacadfa11845dd) Importer(815301076,1909f56bfc062723c751e8b465ee728b)  -> (artifact id: '3f1df63e92e2af0929b9d5c27a39cd9f') in 0.013474 seconds 
  Import took 0.016630 seconds .

========================================================================
Received Import Request.
  Time since last request: 0.000162 seconds.
  path: Assets/Icons UI/Icons color/2.png
  artifactKey: Guid(84b7df33d92c4584aa49802a67068d53) Importer(815301076,1909f56bfc062723c751e8b465ee728b)
Start importing Assets/Icons UI/Icons color/2.png using Guid(84b7df33d92c4584aa49802a67068d53) Importer(815301076,1909f56bfc062723c751e8b465ee728b)  -> (artifact id: 'd2a6349fe6e6283c0614500b27547e05') in 0.013101 seconds 
  Import took 0.015274 seconds .

========================================================================
Received Import Request.
  Time since last request: 0.000135 seconds.
  path: Assets/Icons UI/Icons color/32.png
  artifactKey: Guid(875bd9dd7c4dfa54fb7dc1953b080200) Importer(815301076,1909f56bfc062723c751e8b465ee728b)
Start importing Assets/Icons UI/Icons color/32.png using Guid(875bd9dd7c4dfa54fb7dc1953b080200) Importer(815301076,1909f56bfc062723c751e8b465ee728b)  -> (artifact id: 'd5f1ae11c2dab27d687392bc54c7cab3') in 0.011839 seconds 
  Import took 0.013809 seconds .

========================================================================
Received Import Request.
  Time since last request: 0.000167 seconds.
  path: Assets/Icons UI/Icons color/51.png
  artifactKey: Guid(7c2dfef117adc1544906324dce0868fe) Importer(815301076,1909f56bfc062723c751e8b465ee728b)
Start importing Assets/Icons UI/Icons color/51.png using Guid(7c2dfef117adc1544906324dce0868fe) Importer(815301076,1909f56bfc062723c751e8b465ee728b)  -> (artifact id: 'e995f1344a5d6c5351a7b162f97be63a') in 0.012282 seconds 
  Import took 0.014465 seconds .

========================================================================
Received Import Request.
  Time since last request: 0.000146 seconds.
  path: Assets/Icons UI/Icons color/68.png
  artifactKey: Guid(dc2571d5217f36346a713d00a0104476) Importer(815301076,1909f56bfc062723c751e8b465ee728b)
Start importing Assets/Icons UI/Icons color/68.png using Guid(dc2571d5217f36346a713d00a0104476) Importer(815301076,1909f56bfc062723c751e8b465ee728b)  -> (artifact id: '0fb14c36e920fafe3c9297890af1c6a0') in 0.012820 seconds 
  Import took 0.015444 seconds .

========================================================================
Received Import Request.
  Time since last request: 0.000172 seconds.
  path: Assets/Icons UI/Icons color/74.png
  artifactKey: Guid(9ce57ecb008c1df43b2de815fbcb973e) Importer(815301076,1909f56bfc062723c751e8b465ee728b)
Start importing Assets/Icons UI/Icons color/74.png using Guid(9ce57ecb008c1df43b2de815fbcb973e) Importer(815301076,1909f56bfc062723c751e8b465ee728b)  -> (artifact id: '071e171ebc48018ed7cf6a165a78cb34') in 0.013628 seconds 
  Import took 0.015841 seconds .

========================================================================
Received Import Request.
  Time since last request: 0.000161 seconds.
  path: Assets/Icons UI/Icons color/27.png
  artifactKey: Guid(6e5158b37b621814f882613f2f6a7bd4) Importer(815301076,1909f56bfc062723c751e8b465ee728b)
Start importing Assets/Icons UI/Icons color/27.png using Guid(6e5158b37b621814f882613f2f6a7bd4) Importer(815301076,1909f56bfc062723c751e8b465ee728b)  -> (artifact id: 'cad2d9edb0430d5f256180af0fbb30fe') in 0.012700 seconds 
  Import took 0.014836 seconds .

========================================================================
Received Import Request.
  Time since last request: 0.000159 seconds.
  path: Assets/Icons UI/Icons color/50.png
  artifactKey: Guid(81884344b6028f74e95114e5a8ae0b83) Importer(815301076,1909f56bfc062723c751e8b465ee728b)
Start importing Assets/Icons UI/Icons color/50.png using Guid(81884344b6028f74e95114e5a8ae0b83) Importer(815301076,1909f56bfc062723c751e8b465ee728b)  -> (artifact id: 'e9f30edeac2ddd7c1c6efdd55e805d0b') in 0.013048 seconds 
  Import took 0.015341 seconds .

========================================================================
Received Import Request.
  Time since last request: 0.000153 seconds.
  path: Assets/Icons UI/Icons color/17.png
  artifactKey: Guid(d3df5771f41402740af26548ca40d3a9) Importer(815301076,1909f56bfc062723c751e8b465ee728b)
Start importing Assets/Icons UI/Icons color/17.png using Guid(d3df5771f41402740af26548ca40d3a9) Importer(815301076,1909f56bfc062723c751e8b465ee728b)  -> (artifact id: 'e65955e62143c2606c1976ca350bc511') in 0.012428 seconds 
  Import took 0.014762 seconds .

========================================================================
Received Import Request.
  Time since last request: 0.000212 seconds.
  path: Assets/Icons UI/Icons color/66.png
  artifactKey: Guid(3997ece3c081c9b45a47480c95f6163b) Importer(815301076,1909f56bfc062723c751e8b465ee728b)
Start importing Assets/Icons UI/Icons color/66.png using Guid(3997ece3c081c9b45a47480c95f6163b) Importer(815301076,1909f56bfc062723c751e8b465ee728b)  -> (artifact id: '4be64af18248007df823098709b2b32d') in 0.011896 seconds 
  Import took 0.014116 seconds .

========================================================================
Received Import Request.
  Time since last request: 0.000194 seconds.
  path: Assets/Icons UI/Icons color/81.png
  artifactKey: Guid(cdce4d214b789a3449eceda71e6a24f1) Importer(815301076,1909f56bfc062723c751e8b465ee728b)
Start importing Assets/Icons UI/Icons color/81.png using Guid(cdce4d214b789a3449eceda71e6a24f1) Importer(815301076,1909f56bfc062723c751e8b465ee728b)  -> (artifact id: '1563d2f7389527171117834d526e0567') in 0.012827 seconds 
  Import took 0.015408 seconds .

========================================================================
Received Import Request.
  Time since last request: 0.000187 seconds.
  path: Assets/Icons UI/Icons color/57.png
  artifactKey: Guid(d75b0da6b364abc4da3ed950a85d87ad) Importer(815301076,1909f56bfc062723c751e8b465ee728b)
Start importing Assets/Icons UI/Icons color/57.png using Guid(d75b0da6b364abc4da3ed950a85d87ad) Importer(815301076,1909f56bfc062723c751e8b465ee728b)  -> (artifact id: '44e6f5d012d52a32c42566cd388a12b4') in 0.011224 seconds 
  Import took 0.013564 seconds .

========================================================================
Received Import Request.
  Time since last request: 0.000213 seconds.
  path: Assets/Icons UI/Icons color/80.png
  artifactKey: Guid(461ff21830d3fde4099e5a5ba2ceb9a7) Importer(815301076,1909f56bfc062723c751e8b465ee728b)
Start importing Assets/Icons UI/Icons color/80.png using Guid(461ff21830d3fde4099e5a5ba2ceb9a7) Importer(815301076,1909f56bfc062723c751e8b465ee728b)  -> (artifact id: 'dd072957476e9f91042f30e58e47b08e') in 0.012389 seconds 
  Import took 0.014934 seconds .

========================================================================
Received Import Request.
  Time since last request: 0.000168 seconds.
  path: Assets/Icons UI/Icons color/18.png
  artifactKey: Guid(8852d6f05e5ac2140b7f39434f99e161) Importer(815301076,1909f56bfc062723c751e8b465ee728b)
Start importing Assets/Icons UI/Icons color/18.png using Guid(8852d6f05e5ac2140b7f39434f99e161) Importer(815301076,1909f56bfc062723c751e8b465ee728b)  -> (artifact id: '2f9ca1c313746e125a7994bb377eee3a') in 0.013082 seconds 
  Import took 0.015152 seconds .

========================================================================
Received Import Request.
  Time since last request: 0.000157 seconds.
  path: Assets/Icons UI/Icons color/36.png
  artifactKey: Guid(c575f84924d291c4eba5e134abd51940) Importer(815301076,1909f56bfc062723c751e8b465ee728b)
Start importing Assets/Icons UI/Icons color/36.png using Guid(c575f84924d291c4eba5e134abd51940) Importer(815301076,1909f56bfc062723c751e8b465ee728b)  -> (artifact id: '7dda7eafc65bf8ea6a2be6e2f98570c8') in 0.012858 seconds 
  Import took 0.015452 seconds .

========================================================================
Received Import Request.
  Time since last request: 0.000184 seconds.
  path: Assets/Icons UI/Icons color/48.png
  artifactKey: Guid(8391ea8ea43d79c4db956640df46ddb4) Importer(815301076,1909f56bfc062723c751e8b465ee728b)
Start importing Assets/Icons UI/Icons color/48.png using Guid(8391ea8ea43d79c4db956640df46ddb4) Importer(815301076,1909f56bfc062723c751e8b465ee728b)  -> (artifact id: 'c1abce85a01219119f05f0b75ec3ed70') in 0.012081 seconds 
  Import took 0.014887 seconds .

========================================================================
Received Import Request.
  Time since last request: 0.000214 seconds.
  path: Assets/Icons UI/Icons color/70.png
  artifactKey: Guid(fbaec254db660d645bd98da84899888d) Importer(815301076,1909f56bfc062723c751e8b465ee728b)
Start importing Assets/Icons UI/Icons color/70.png using Guid(fbaec254db660d645bd98da84899888d) Importer(815301076,1909f56bfc062723c751e8b465ee728b)  -> (artifact id: '47e5e767f6d061a10336608a22a42cbf') in 0.012729 seconds 
  Import took 0.015266 seconds .

========================================================================
Received Import Request.
  Time since last request: 0.000149 seconds.
  path: Assets/Icons UI/Icons color/59.png
  artifactKey: Guid(5efa444db31d68e4eb5bb9033b1ee8f1) Importer(815301076,1909f56bfc062723c751e8b465ee728b)
Start importing Assets/Icons UI/Icons color/59.png using Guid(5efa444db31d68e4eb5bb9033b1ee8f1) Importer(815301076,1909f56bfc062723c751e8b465ee728b)  -> (artifact id: 'b4d594ea864e2556f6c73a3f78f7d05d') in 0.012181 seconds 
  Import took 0.014256 seconds .

========================================================================
Received Import Request.
  Time since last request: 0.000171 seconds.
  path: Assets/Icons UI/Icons color/55.png
  artifactKey: Guid(3f3d8714997c61d488ad57e05822a5a6) Importer(815301076,1909f56bfc062723c751e8b465ee728b)
Start importing Assets/Icons UI/Icons color/55.png using Guid(3f3d8714997c61d488ad57e05822a5a6) Importer(815301076,1909f56bfc062723c751e8b465ee728b)  -> (artifact id: 'c28e3d7efde87b282467a07ead97d0e9') in 0.012909 seconds 
  Import took 0.015211 seconds .

========================================================================
Received Import Request.
  Time since last request: 0.000205 seconds.
  path: Assets/Icons UI/Icons color/73.png
  artifactKey: Guid(13db01f954d35df48a2d8fdcfab4f541) Importer(815301076,1909f56bfc062723c751e8b465ee728b)
Start importing Assets/Icons UI/Icons color/73.png using Guid(13db01f954d35df48a2d8fdcfab4f541) Importer(815301076,1909f56bfc062723c751e8b465ee728b)  -> (artifact id: '815172bcb2a4e46d42ce7519084bfe75') in 0.012247 seconds 
  Import took 0.014700 seconds .

========================================================================
Received Import Request.
  Time since last request: 0.000153 seconds.
  path: Assets/Icons UI/Icons color/25.png
  artifactKey: Guid(cd72f0bf85be8614d8aa531a2e5dced4) Importer(815301076,1909f56bfc062723c751e8b465ee728b)
Start importing Assets/Icons UI/Icons color/25.png using Guid(cd72f0bf85be8614d8aa531a2e5dced4) Importer(815301076,1909f56bfc062723c751e8b465ee728b)  -> (artifact id: '063d03676b1604d8ab943ff512ff2839') in 0.012335 seconds 
  Import took 0.015063 seconds .

========================================================================
Received Import Request.
  Time since last request: 0.000164 seconds.
  path: Assets/Icons UI/Icons color/75.png
  artifactKey: Guid(742067ce11dc88c42b3fe3c2466d2e51) Importer(815301076,1909f56bfc062723c751e8b465ee728b)
Start importing Assets/Icons UI/Icons color/75.png using Guid(742067ce11dc88c42b3fe3c2466d2e51) Importer(815301076,1909f56bfc062723c751e8b465ee728b)  -> (artifact id: '776af25d5354f7f9c797184239c904c8') in 0.013187 seconds 
  Import took 0.015984 seconds .

========================================================================
Received Import Request.
  Time since last request: 0.000169 seconds.
  path: Assets/Icons UI/Icons color/23.png
  artifactKey: Guid(34622909dda712e4abebb2c5379397d9) Importer(815301076,1909f56bfc062723c751e8b465ee728b)
Start importing Assets/Icons UI/Icons color/23.png using Guid(34622909dda712e4abebb2c5379397d9) Importer(815301076,1909f56bfc062723c751e8b465ee728b)  -> (artifact id: 'dacac57009ac4fa475101f3ff1b9d11d') in 0.012790 seconds 
  Import took 0.014975 seconds .

========================================================================
Received Import Request.
  Time since last request: 0.000154 seconds.
  path: Assets/Icons UI/Icons color/44.png
  artifactKey: Guid(61b2ed504664888488353f466acddaf7) Importer(815301076,1909f56bfc062723c751e8b465ee728b)
Start importing Assets/Icons UI/Icons color/44.png using Guid(61b2ed504664888488353f466acddaf7) Importer(815301076,1909f56bfc062723c751e8b465ee728b)  -> (artifact id: '0e2b37a24406df992e6a389ca8bea457') in 0.014281 seconds 
  Import took 0.016372 seconds .

========================================================================
Received Import Request.
  Time since last request: 0.000285 seconds.
  path: Assets/Icons UI/Icons color/4.png
  artifactKey: Guid(eba4ccfe53daaf547aa3be123ddbc586) Importer(815301076,1909f56bfc062723c751e8b465ee728b)
Start importing Assets/Icons UI/Icons color/4.png using Guid(eba4ccfe53daaf547aa3be123ddbc586) Importer(815301076,1909f56bfc062723c751e8b465ee728b)  -> (artifact id: '0bafe325a95f84fcb07c779e6d54b77c') in 0.011554 seconds 
  Import took 0.014016 seconds .

========================================================================
Received Import Request.
  Time since last request: 0.000185 seconds.
  path: Assets/Icons UI/Icons color/69.png
  artifactKey: Guid(87ada7b2ea52e9841bd5bb9fed840073) Importer(815301076,1909f56bfc062723c751e8b465ee728b)
Start importing Assets/Icons UI/Icons color/69.png using Guid(87ada7b2ea52e9841bd5bb9fed840073) Importer(815301076,1909f56bfc062723c751e8b465ee728b)  -> (artifact id: '09a11cc28a6bf538c08a0f2acaefcafc') in 0.014893 seconds 
  Import took 0.017107 seconds .

========================================================================
Received Import Request.
  Time since last request: 0.000186 seconds.
  path: Assets/Icons UI/Icons color/11.png
  artifactKey: Guid(11141941eb6a7614e9d2395eda69175a) Importer(815301076,1909f56bfc062723c751e8b465ee728b)
Start importing Assets/Icons UI/Icons color/11.png using Guid(11141941eb6a7614e9d2395eda69175a) Importer(815301076,1909f56bfc062723c751e8b465ee728b)  -> (artifact id: '541d3ce143b28ce28ed0a0387ad6d3d6') in 0.011985 seconds 
  Import took 0.014345 seconds .

========================================================================
Received Import Request.
  Time since last request: 0.000170 seconds.
  path: Assets/Icons UI/Icons color/14.png
  artifactKey: Guid(3355f5128c1b14343acf2bf9087df27d) Importer(815301076,1909f56bfc062723c751e8b465ee728b)
Start importing Assets/Icons UI/Icons color/14.png using Guid(3355f5128c1b14343acf2bf9087df27d) Importer(815301076,1909f56bfc062723c751e8b465ee728b)  -> (artifact id: 'd2bad1664c0cc5e20432377ba9eb5712') in 0.013162 seconds 
  Import took 0.015273 seconds .

========================================================================
Received Import Request.
  Time since last request: 0.000188 seconds.
  path: Assets/Icons UI/Icons color/60.png
  artifactKey: Guid(9a6485cbaaee0e4439014852db82347a) Importer(815301076,1909f56bfc062723c751e8b465ee728b)
Start importing Assets/Icons UI/Icons color/60.png using Guid(9a6485cbaaee0e4439014852db82347a) Importer(815301076,1909f56bfc062723c751e8b465ee728b)  -> (artifact id: 'ae45a663b55430dd7c95f303b48385ba') in 0.012788 seconds 
  Import took 0.015197 seconds .

========================================================================
Received Import Request.
  Time since last request: 0.000168 seconds.
  path: Assets/Icons UI/Icons color/46.png
  artifactKey: Guid(904c00b911ba6be44a7773d73b21bbe3) Importer(815301076,1909f56bfc062723c751e8b465ee728b)
Start importing Assets/Icons UI/Icons color/46.png using Guid(904c00b911ba6be44a7773d73b21bbe3) Importer(815301076,1909f56bfc062723c751e8b465ee728b)  -> (artifact id: 'e9cb8a5213326db6670d82327b9eaeeb') in 0.013465 seconds 
  Import took 0.015707 seconds .

========================================================================
Received Import Request.
  Time since last request: 0.000170 seconds.
  path: Assets/Icons UI/Icons color/72.png
  artifactKey: Guid(37d5502299981d44b800c06ea6676fbe) Importer(815301076,1909f56bfc062723c751e8b465ee728b)
Start importing Assets/Icons UI/Icons color/72.png using Guid(37d5502299981d44b800c06ea6676fbe) Importer(815301076,1909f56bfc062723c751e8b465ee728b)  -> (artifact id: '4be9b4fa535d3e3eea6e5cc53a7b9f29') in 0.012063 seconds 
  Import took 0.014429 seconds .

========================================================================
Received Import Request.
  Time since last request: 0.000210 seconds.
  path: Assets/Icons UI/Icons color/31.png
  artifactKey: Guid(f40b879729c979f42b161fb6aec5b868) Importer(815301076,1909f56bfc062723c751e8b465ee728b)
Start importing Assets/Icons UI/Icons color/31.png using Guid(f40b879729c979f42b161fb6aec5b868) Importer(815301076,1909f56bfc062723c751e8b465ee728b)  -> (artifact id: 'ddcf11da994a4460f9b12fbb69f43041') in 0.011818 seconds 
  Import took 0.014054 seconds .

========================================================================
Received Import Request.
  Time since last request: 0.000222 seconds.
  path: Assets/Icons UI/Icons color/37.png
  artifactKey: Guid(f1703d00d6e669540b845ae4bf1cf4f5) Importer(815301076,1909f56bfc062723c751e8b465ee728b)
Start importing Assets/Icons UI/Icons color/37.png using Guid(f1703d00d6e669540b845ae4bf1cf4f5) Importer(815301076,1909f56bfc062723c751e8b465ee728b)  -> (artifact id: 'cbb12944c7dd4f99e358acfe474a2cae') in 0.012893 seconds 
  Import took 0.015308 seconds .

========================================================================
Received Import Request.
  Time since last request: 0.000257 seconds.
  path: Assets/Icons UI/Icons color/47.png
  artifactKey: Guid(d9301dbf149b2c04e98ad8d7fd0ed3f3) Importer(815301076,1909f56bfc062723c751e8b465ee728b)
Start importing Assets/Icons UI/Icons color/47.png using Guid(d9301dbf149b2c04e98ad8d7fd0ed3f3) Importer(815301076,1909f56bfc062723c751e8b465ee728b)  -> (artifact id: '438ab06dc5ce3648a21651098a59943b') in 0.012624 seconds 
  Import took 0.015748 seconds .

========================================================================
Received Import Request.
  Time since last request: 0.000182 seconds.
  path: Assets/Icons UI/Icons color/76.png
  artifactKey: Guid(83327780e26094844a8e18ee641c4b0f) Importer(815301076,1909f56bfc062723c751e8b465ee728b)
Start importing Assets/Icons UI/Icons color/76.png using Guid(83327780e26094844a8e18ee641c4b0f) Importer(815301076,1909f56bfc062723c751e8b465ee728b)  -> (artifact id: '29da43ca06255bd1fe0233685b0e0d75') in 0.013912 seconds 
  Import took 0.016333 seconds .

========================================================================
Received Import Request.
  Time since last request: 0.000157 seconds.
  path: Assets/Icons UI/Icons color/79.png
  artifactKey: Guid(9ea0bad3ece5d354d96f29b80df36787) Importer(815301076,1909f56bfc062723c751e8b465ee728b)
Start importing Assets/Icons UI/Icons color/79.png using Guid(9ea0bad3ece5d354d96f29b80df36787) Importer(815301076,1909f56bfc062723c751e8b465ee728b)  -> (artifact id: '75ae3517d708bce6442385eda286d476') in 0.012407 seconds 
  Import took 0.014389 seconds .

========================================================================
Received Import Request.
  Time since last request: 0.000163 seconds.
  path: Assets/Icons UI/Icons color/41.png
  artifactKey: Guid(a34f735516e12ed469b277ff2ea08ae3) Importer(815301076,1909f56bfc062723c751e8b465ee728b)
Start importing Assets/Icons UI/Icons color/41.png using Guid(a34f735516e12ed469b277ff2ea08ae3) Importer(815301076,1909f56bfc062723c751e8b465ee728b)  -> (artifact id: '57b599a8e94b9c24c3d13bcb74c785cb') in 0.012777 seconds 
  Import took 0.015093 seconds .

========================================================================
Received Import Request.
  Time since last request: 0.000182 seconds.
  path: Assets/Icons UI/Icons color/6.png
  artifactKey: Guid(ad1a3a02ee4764b49b608065f61d43b9) Importer(815301076,1909f56bfc062723c751e8b465ee728b)
Start importing Assets/Icons UI/Icons color/6.png using Guid(ad1a3a02ee4764b49b608065f61d43b9) Importer(815301076,1909f56bfc062723c751e8b465ee728b)  -> (artifact id: '21c43aa86853f2d36f9a91698871afaa') in 0.012090 seconds 
  Import took 0.014639 seconds .

========================================================================
Received Import Request.
  Time since last request: 0.000175 seconds.
  path: Assets/Icons UI/Icons color/28.png
  artifactKey: Guid(141fd3f665e9c4944b752f66fc129a7b) Importer(815301076,1909f56bfc062723c751e8b465ee728b)
Start importing Assets/Icons UI/Icons color/28.png using Guid(141fd3f665e9c4944b752f66fc129a7b) Importer(815301076,1909f56bfc062723c751e8b465ee728b)  -> (artifact id: '4dafa0b80b270e37bc345d2bb610f2e4') in 0.011888 seconds 
  Import took 0.014600 seconds .

========================================================================
Received Import Request.
  Time since last request: 0.000271 seconds.
  path: Assets/Icons UI/Icons color/77.png
  artifactKey: Guid(c66a1e965d9168848a765c89dc25f804) Importer(815301076,1909f56bfc062723c751e8b465ee728b)
Start importing Assets/Icons UI/Icons color/77.png using Guid(c66a1e965d9168848a765c89dc25f804) Importer(815301076,1909f56bfc062723c751e8b465ee728b)  -> (artifact id: '8cb30e6b1d4853c6da4ca23e7e821c16') in 0.013541 seconds 
  Import took 0.016172 seconds .

========================================================================
Received Import Request.
  Time since last request: 0.000273 seconds.
  path: Assets/Icons UI/Icons color/56.png
  artifactKey: Guid(f92dcc5285e91174c8fc9499dde01c27) Importer(815301076,1909f56bfc062723c751e8b465ee728b)
Start importing Assets/Icons UI/Icons color/56.png using Guid(f92dcc5285e91174c8fc9499dde01c27) Importer(815301076,1909f56bfc062723c751e8b465ee728b)  -> (artifact id: 'ae548f895f734b2a1a4f8c47a2e0f9a8') in 0.013643 seconds 
  Import took 0.016097 seconds .

========================================================================
Received Import Request.
  Time since last request: 0.000166 seconds.
  path: Assets/Icons UI/Icons color/54.png
  artifactKey: Guid(5d05c4accf111e9499be3af5882406fa) Importer(815301076,1909f56bfc062723c751e8b465ee728b)
Start importing Assets/Icons UI/Icons color/54.png using Guid(5d05c4accf111e9499be3af5882406fa) Importer(815301076,1909f56bfc062723c751e8b465ee728b)  -> (artifact id: 'ab53fe956716331f644b174e16a36c4d') in 0.012368 seconds 
  Import took 0.015248 seconds .

========================================================================
Received Import Request.
  Time since last request: 0.000154 seconds.
  path: Assets/Icons UI/Icons color/71.png
  artifactKey: Guid(2179029308028854b9ec1f81423301f9) Importer(815301076,1909f56bfc062723c751e8b465ee728b)
Start importing Assets/Icons UI/Icons color/71.png using Guid(2179029308028854b9ec1f81423301f9) Importer(815301076,1909f56bfc062723c751e8b465ee728b)  -> (artifact id: 'f2148c44e799c07b3a719d107ca6ab1e') in 0.012693 seconds 
  Import took 0.015038 seconds .

========================================================================
Received Import Request.
  Time since last request: 0.000190 seconds.
  path: Assets/Icons UI/Icons color/52.png
  artifactKey: Guid(6bce8dd0e98a76240a32e8a920bb1708) Importer(815301076,1909f56bfc062723c751e8b465ee728b)
Start importing Assets/Icons UI/Icons color/52.png using Guid(6bce8dd0e98a76240a32e8a920bb1708) Importer(815301076,1909f56bfc062723c751e8b465ee728b)  -> (artifact id: 'c83ce45db66bed3875ddfcb14b7e5316') in 0.012896 seconds 
  Import took 0.015553 seconds .

========================================================================
Received Import Request.
  Time since last request: 0.000162 seconds.
  path: Assets/Icons UI/Icons color/26.png
  artifactKey: Guid(c3b28032934b83346b195b9a5bd97768) Importer(815301076,1909f56bfc062723c751e8b465ee728b)
Start importing Assets/Icons UI/Icons color/26.png using Guid(c3b28032934b83346b195b9a5bd97768) Importer(815301076,1909f56bfc062723c751e8b465ee728b)  -> (artifact id: 'a04dffb066e26eda0d24f4bbf31ee36d') in 0.013792 seconds 
  Import took 0.016072 seconds .

========================================================================
Received Import Request.
  Time since last request: 0.000213 seconds.
  path: Assets/Icons UI/Icons color/22.png
  artifactKey: Guid(931ed2b1ca8cd0d4d846e3fc10ad1a79) Importer(815301076,1909f56bfc062723c751e8b465ee728b)
Start importing Assets/Icons UI/Icons color/22.png using Guid(931ed2b1ca8cd0d4d846e3fc10ad1a79) Importer(815301076,1909f56bfc062723c751e8b465ee728b)  -> (artifact id: 'a3d078b15c57f871873b26dc2757b3a7') in 0.012674 seconds 
  Import took 0.015055 seconds .

========================================================================
Received Import Request.
  Time since last request: 0.000219 seconds.
  path: Assets/Icons UI/Icons color/5.png
  artifactKey: Guid(50184b2450c81e14d8b857ab76cb68b6) Importer(815301076,1909f56bfc062723c751e8b465ee728b)
Start importing Assets/Icons UI/Icons color/5.png using Guid(50184b2450c81e14d8b857ab76cb68b6) Importer(815301076,1909f56bfc062723c751e8b465ee728b)  -> (artifact id: 'b929e161cde6de8fd35c1a77ee7cfcca') in 0.013037 seconds 
  Import took 0.015344 seconds .

========================================================================
Received Import Request.
  Time since last request: 0.000157 seconds.
  path: Assets/Icons UI/Icons color/39.png
  artifactKey: Guid(a0581bf9a7adc7f43b8bc18ca051a19e) Importer(815301076,1909f56bfc062723c751e8b465ee728b)
Start importing Assets/Icons UI/Icons color/39.png using Guid(a0581bf9a7adc7f43b8bc18ca051a19e) Importer(815301076,1909f56bfc062723c751e8b465ee728b)  -> (artifact id: 'f21fd4a99847f73e96aa456eb49b50be') in 0.011953 seconds 
  Import took 0.014140 seconds .

========================================================================
Received Import Request.
  Time since last request: 0.000150 seconds.
  path: Assets/Icons UI/Icons color/42.png
  artifactKey: Guid(8e81970cbbf3c3c4ea1d43b0ac37d13a) Importer(815301076,1909f56bfc062723c751e8b465ee728b)
Start importing Assets/Icons UI/Icons color/42.png using Guid(8e81970cbbf3c3c4ea1d43b0ac37d13a) Importer(815301076,1909f56bfc062723c751e8b465ee728b)  -> (artifact id: '7e9c504c8e80c1425211baa618cb8fbb') in 0.013234 seconds 
  Import took 0.015190 seconds .

========================================================================
Received Import Request.
  Time since last request: 0.000144 seconds.
  path: Assets/Icons UI/Icons color/45.png
  artifactKey: Guid(833b7e99078e4e643b196cb9f0c18047) Importer(815301076,1909f56bfc062723c751e8b465ee728b)
Start importing Assets/Icons UI/Icons color/45.png using Guid(833b7e99078e4e643b196cb9f0c18047) Importer(815301076,1909f56bfc062723c751e8b465ee728b)  -> (artifact id: 'b36b00bfe406742c35b4160593d957b1') in 0.012705 seconds 
  Import took 0.014807 seconds .

========================================================================
Received Import Request.
  Time since last request: 0.000234 seconds.
  path: Assets/Icons UI/Icons color/3.png
  artifactKey: Guid(a5b4189af3bc18f49bf108392ac887d6) Importer(815301076,1909f56bfc062723c751e8b465ee728b)
Start importing Assets/Icons UI/Icons color/3.png using Guid(a5b4189af3bc18f49bf108392ac887d6) Importer(815301076,1909f56bfc062723c751e8b465ee728b)  -> (artifact id: '4a377839740a3c926848988514182cbf') in 0.013799 seconds 
  Import took 0.016679 seconds .

========================================================================
Received Import Request.
  Time since last request: 0.000170 seconds.
  path: Assets/Icons UI/Icons color/19.png
  artifactKey: Guid(7dbe84943895fc849943d1eb4a33e2ab) Importer(815301076,1909f56bfc062723c751e8b465ee728b)
Start importing Assets/Icons UI/Icons color/19.png using Guid(7dbe84943895fc849943d1eb4a33e2ab) Importer(815301076,1909f56bfc062723c751e8b465ee728b)  -> (artifact id: 'e22b4278308839c5c88327fe597db7ce') in 0.012647 seconds 
  Import took 0.014994 seconds .

========================================================================
Received Import Request.
  Time since last request: 0.000170 seconds.
  path: Assets/Icons UI/Icons color/64.png
  artifactKey: Guid(236f0d589d73f0c41a36050c10fedd93) Importer(815301076,1909f56bfc062723c751e8b465ee728b)
Start importing Assets/Icons UI/Icons color/64.png using Guid(236f0d589d73f0c41a36050c10fedd93) Importer(815301076,1909f56bfc062723c751e8b465ee728b)  -> (artifact id: '7c41b3d3143182d98880eb6b80d45720') in 0.011424 seconds 
  Import took 0.014217 seconds .

========================================================================
Received Import Request.
  Time since last request: 0.000174 seconds.
  path: Assets/Icons UI/Icons color/33.png
  artifactKey: Guid(4d08a6053a07a844186c78633340d8de) Importer(815301076,1909f56bfc062723c751e8b465ee728b)
Start importing Assets/Icons UI/Icons color/33.png using Guid(4d08a6053a07a844186c78633340d8de) Importer(815301076,1909f56bfc062723c751e8b465ee728b)  -> (artifact id: '01d6fae680b26df5a254f629d5919a9a') in 0.013392 seconds 
  Import took 0.016115 seconds .

========================================================================
Received Import Request.
  Time since last request: 0.000220 seconds.
  path: Assets/Icons UI/Icons color/24.png
  artifactKey: Guid(d94497570204b4246929402b57e46c78) Importer(815301076,1909f56bfc062723c751e8b465ee728b)
Start importing Assets/Icons UI/Icons color/24.png using Guid(d94497570204b4246929402b57e46c78) Importer(815301076,1909f56bfc062723c751e8b465ee728b)  -> (artifact id: 'd81e9306cad2e8def858fda977b05e38') in 0.013172 seconds 
  Import took 0.015976 seconds .

========================================================================
Received Import Request.
  Time since last request: 0.000175 seconds.
  path: Assets/Icons UI/Icons color/34.png
  artifactKey: Guid(172553e0d6ec63c449c3f2b0f57d40dd) Importer(815301076,1909f56bfc062723c751e8b465ee728b)
Start importing Assets/Icons UI/Icons color/34.png using Guid(172553e0d6ec63c449c3f2b0f57d40dd) Importer(815301076,1909f56bfc062723c751e8b465ee728b)  -> (artifact id: '5bd43988a404cc9c6cbc5b110dab593f') in 0.013650 seconds 
  Import took 0.016223 seconds .

========================================================================
Received Import Request.
  Time since last request: 0.000205 seconds.
  path: Assets/Icons UI/Icons color/63.png
  artifactKey: Guid(a5cfb3091f47fad449deb362635ecfcc) Importer(815301076,1909f56bfc062723c751e8b465ee728b)
Start importing Assets/Icons UI/Icons color/63.png using Guid(a5cfb3091f47fad449deb362635ecfcc) Importer(815301076,1909f56bfc062723c751e8b465ee728b)  -> (artifact id: '95029cf35e73987151303c890d310982') in 0.012219 seconds 
  Import took 0.014722 seconds .

========================================================================
Received Import Request.
  Time since last request: 0.000233 seconds.
  path: Assets/Icons UI/Icons color/20.png
  artifactKey: Guid(c480521b0e2d0da48bf1e1e36e655ad1) Importer(815301076,1909f56bfc062723c751e8b465ee728b)
Start importing Assets/Icons UI/Icons color/20.png using Guid(c480521b0e2d0da48bf1e1e36e655ad1) Importer(815301076,1909f56bfc062723c751e8b465ee728b)  -> (artifact id: 'd323934c25ae899f0561d886d1410cd7') in 0.012279 seconds 
  Import took 0.015362 seconds .

========================================================================
Received Import Request.
  Time since last request: 0.000155 seconds.
  path: Assets/Icons UI/Icons color/13.png
  artifactKey: Guid(5624528cde99a824a946362839e556e8) Importer(815301076,1909f56bfc062723c751e8b465ee728b)
Start importing Assets/Icons UI/Icons color/13.png using Guid(5624528cde99a824a946362839e556e8) Importer(815301076,1909f56bfc062723c751e8b465ee728b)  -> (artifact id: 'f9eb0cb089f19936a9bdaf14e51c4afa') in 0.012551 seconds 
  Import took 0.015485 seconds .

========================================================================
Received Import Request.
  Time since last request: 0.000183 seconds.
  path: Assets/Icons UI/Icons color/67.png
  artifactKey: Guid(1d42943e5036e8543af8d6247c3c3037) Importer(815301076,1909f56bfc062723c751e8b465ee728b)
Start importing Assets/Icons UI/Icons color/67.png using Guid(1d42943e5036e8543af8d6247c3c3037) Importer(815301076,1909f56bfc062723c751e8b465ee728b)  -> (artifact id: 'c1cb65f74508a2c0ee783bbee3a9de65') in 0.012913 seconds 
  Import took 0.015392 seconds .

========================================================================
Received Import Request.
  Time since last request: 0.000163 seconds.
  path: Assets/Icons UI/Icons color/40.png
  artifactKey: Guid(a71ff9b329f1080469cf30d5ba47c5aa) Importer(815301076,1909f56bfc062723c751e8b465ee728b)
Start importing Assets/Icons UI/Icons color/40.png using Guid(a71ff9b329f1080469cf30d5ba47c5aa) Importer(815301076,1909f56bfc062723c751e8b465ee728b)  -> (artifact id: '8f6060de1c7d34e9ab7cd3480d8857d6') in 0.012006 seconds 
  Import took 0.014208 seconds .

========================================================================
Received Import Request.
  Time since last request: 0.000183 seconds.
  path: Assets/Icons UI/Icons color/43.png
  artifactKey: Guid(2c0597ae298529147a83667cb2e03cc1) Importer(815301076,1909f56bfc062723c751e8b465ee728b)
Start importing Assets/Icons UI/Icons color/43.png using Guid(2c0597ae298529147a83667cb2e03cc1) Importer(815301076,1909f56bfc062723c751e8b465ee728b)  -> (artifact id: '231c46b0666801e4108f92c01bd39c66') in 0.012524 seconds 
  Import took 0.015069 seconds .

========================================================================
Received Import Request.
  Time since last request: 0.000335 seconds.
  path: Assets/Icons UI/Icons color/65.png
  artifactKey: Guid(7673092bd620de343b298e563159e9ae) Importer(815301076,1909f56bfc062723c751e8b465ee728b)
Start importing Assets/Icons UI/Icons color/65.png using Guid(7673092bd620de343b298e563159e9ae) Importer(815301076,1909f56bfc062723c751e8b465ee728b)  -> (artifact id: 'e57a5c92660db242aee76b1ffd64b3b7') in 0.012780 seconds 
  Import took 0.015662 seconds .

========================================================================
Received Import Request.
  Time since last request: 0.000289 seconds.
  path: Assets/Icons UI/Icons color/15.png
  artifactKey: Guid(1b10cedc4326a6f448af4c12fe3b5886) Importer(815301076,1909f56bfc062723c751e8b465ee728b)
Start importing Assets/Icons UI/Icons color/15.png using Guid(1b10cedc4326a6f448af4c12fe3b5886) Importer(815301076,1909f56bfc062723c751e8b465ee728b)  -> (artifact id: '5bda0e133aaa0b29e6c07b5a9210b55b') in 0.012801 seconds 
  Import took 0.015211 seconds .

========================================================================
Received Import Request.
  Time since last request: 0.000176 seconds.
  path: Assets/Icons UI/Icons color/62.png
  artifactKey: Guid(b8cad00c17ece6346a0273424bcceaa6) Importer(815301076,1909f56bfc062723c751e8b465ee728b)
Start importing Assets/Icons UI/Icons color/62.png using Guid(b8cad00c17ece6346a0273424bcceaa6) Importer(815301076,1909f56bfc062723c751e8b465ee728b)  -> (artifact id: '788bfc23084c9aadd2c56245eea24d9c') in 0.013503 seconds 
  Import took 0.015706 seconds .

========================================================================
Received Import Request.
  Time since last request: 0.000173 seconds.
  path: Assets/Icons UI/Icons color/30.png
  artifactKey: Guid(3f08a934aedd5124ba7337fabe6a5836) Importer(815301076,1909f56bfc062723c751e8b465ee728b)
Start importing Assets/Icons UI/Icons color/30.png using Guid(3f08a934aedd5124ba7337fabe6a5836) Importer(815301076,1909f56bfc062723c751e8b465ee728b)  -> (artifact id: '624c7dc8f1bc4ef8081e8af9170d70ea') in 0.012419 seconds 
  Import took 0.014756 seconds .

========================================================================
Received Import Request.
  Time since last request: 0.000187 seconds.
  path: Assets/Icons UI/Icons color/61.png
  artifactKey: Guid(567d556bebb199b4cabd35f4f3bea9f5) Importer(815301076,1909f56bfc062723c751e8b465ee728b)
Start importing Assets/Icons UI/Icons color/61.png using Guid(567d556bebb199b4cabd35f4f3bea9f5) Importer(815301076,1909f56bfc062723c751e8b465ee728b)  -> (artifact id: '2098bf5da906d52fd75f4bcd1cb34c73') in 0.013876 seconds 
  Import took 0.015962 seconds .

========================================================================
Received Import Request.
  Time since last request: 0.000164 seconds.
  path: Assets/Icons UI/Icons color/7.png
  artifactKey: Guid(33f26d309087acb458f72baac3989314) Importer(815301076,1909f56bfc062723c751e8b465ee728b)
Start importing Assets/Icons UI/Icons color/7.png using Guid(33f26d309087acb458f72baac3989314) Importer(815301076,1909f56bfc062723c751e8b465ee728b)  -> (artifact id: 'bc4e4c7131e1e7d3ede5db41f2b1108e') in 0.012737 seconds 
  Import took 0.014991 seconds .

========================================================================
Received Import Request.
  Time since last request: 4.773614 seconds.
  path: Assets/Icons UI/Icons color/82.png
  artifactKey: Guid(7dcc65e05ef3ec743bba94706b43f5df) Importer(815301076,1909f56bfc062723c751e8b465ee728b)
Start importing Assets/Icons UI/Icons color/82.png using Guid(7dcc65e05ef3ec743bba94706b43f5df) Importer(815301076,1909f56bfc062723c751e8b465ee728b)  -> (artifact id: '10b08408bc94332b065f8c93c9b78d95') in 0.011826 seconds 
  Import took 0.014518 seconds .

========================================================================
Received Import Request.
  Time since last request: 0.000158 seconds.
  path: Assets/Icons UI/Icons color/86.png
  artifactKey: Guid(e375364c4c6339049a46c6a5684b27c1) Importer(815301076,1909f56bfc062723c751e8b465ee728b)
Start importing Assets/Icons UI/Icons color/86.png using Guid(e375364c4c6339049a46c6a5684b27c1) Importer(815301076,1909f56bfc062723c751e8b465ee728b)  -> (artifact id: 'd2fc1084858ce6e030e5c210cd9b297d') in 0.012388 seconds 
  Import took 0.014672 seconds .

========================================================================
Received Import Request.
  Time since last request: 0.000156 seconds.
  path: Assets/Icons UI/Icons color/97.png
  artifactKey: Guid(50ae2374701e74043a0002d1913a98f0) Importer(815301076,1909f56bfc062723c751e8b465ee728b)
Start importing Assets/Icons UI/Icons color/97.png using Guid(50ae2374701e74043a0002d1913a98f0) Importer(815301076,1909f56bfc062723c751e8b465ee728b)  -> (artifact id: '0d1d705cd381760a2f77e63c0f6b4fd3') in 0.013011 seconds 
  Import took 0.015364 seconds .

========================================================================
Received Import Request.
  Time since last request: 0.000176 seconds.
  path: Assets/Icons UI/Icons color/90.png
  artifactKey: Guid(cef828bf87076e9409e35a8f0ef63485) Importer(815301076,1909f56bfc062723c751e8b465ee728b)
Start importing Assets/Icons UI/Icons color/90.png using Guid(cef828bf87076e9409e35a8f0ef63485) Importer(815301076,1909f56bfc062723c751e8b465ee728b)  -> (artifact id: 'b1c20e3b44ea99ad53f43fc23e8c30bc') in 0.013939 seconds 
  Import took 0.016130 seconds .

========================================================================
Received Import Request.
  Time since last request: 0.000232 seconds.
  path: Assets/Icons UI/Icons color/88.png
  artifactKey: Guid(5e7f573f3709fb341b4be806bbf09e51) Importer(815301076,1909f56bfc062723c751e8b465ee728b)
Start importing Assets/Icons UI/Icons color/88.png using Guid(5e7f573f3709fb341b4be806bbf09e51) Importer(815301076,1909f56bfc062723c751e8b465ee728b)  -> (artifact id: 'd07100e900c84457c641bfb5a1fae774') in 0.011943 seconds 
  Import took 0.014870 seconds .

========================================================================
Received Import Request.
  Time since last request: 0.000211 seconds.
  path: Assets/Icons UI/Icons color/85.png
  artifactKey: Guid(c6c8c866b3a83c742a70fa09e36b00bc) Importer(815301076,1909f56bfc062723c751e8b465ee728b)
Start importing Assets/Icons UI/Icons color/85.png using Guid(c6c8c866b3a83c742a70fa09e36b00bc) Importer(815301076,1909f56bfc062723c751e8b465ee728b)  -> (artifact id: 'b50ef5148944ced259a9020ccecd6ab4') in 0.011639 seconds 
  Import took 0.013951 seconds .

========================================================================
Received Import Request.
  Time since last request: 0.000232 seconds.
  path: Assets/Icons UI/Icons color/84.png
  artifactKey: Guid(ea85352a7f9f06a42abe8a7cf1041ea6) Importer(815301076,1909f56bfc062723c751e8b465ee728b)
Start importing Assets/Icons UI/Icons color/84.png using Guid(ea85352a7f9f06a42abe8a7cf1041ea6) Importer(815301076,1909f56bfc062723c751e8b465ee728b)  -> (artifact id: '2f48d3eba0ca1fc60e8152b5d1461057') in 0.012178 seconds 
  Import took 0.014463 seconds .

========================================================================
Received Import Request.
  Time since last request: 0.000303 seconds.
  path: Assets/Icons UI/Icons color/83.png
  artifactKey: Guid(1c30c581dd6417b47a91b8863b88800d) Importer(815301076,1909f56bfc062723c751e8b465ee728b)
Start importing Assets/Icons UI/Icons color/83.png using Guid(1c30c581dd6417b47a91b8863b88800d) Importer(815301076,1909f56bfc062723c751e8b465ee728b)  -> (artifact id: '34795701d822d5c8711127f5956756e9') in 0.011745 seconds 
  Import took 0.014497 seconds .

========================================================================
Received Import Request.
  Time since last request: 0.000173 seconds.
  path: Assets/Icons UI/Icons color/91.png
  artifactKey: Guid(9330b3ffe0fa2dc47a57eb5df77dfcfc) Importer(815301076,1909f56bfc062723c751e8b465ee728b)
Start importing Assets/Icons UI/Icons color/91.png using Guid(9330b3ffe0fa2dc47a57eb5df77dfcfc) Importer(815301076,1909f56bfc062723c751e8b465ee728b)  -> (artifact id: '7eb986acf1a3a0c39aaa8c8ac269b40e') in 0.010937 seconds 
  Import took 0.013143 seconds .

========================================================================
Received Import Request.
  Time since last request: 0.000191 seconds.
  path: Assets/Icons UI/Icons color/87.png
  artifactKey: Guid(518352c08b3e7eb419c2a04b56da1e61) Importer(815301076,1909f56bfc062723c751e8b465ee728b)
Start importing Assets/Icons UI/Icons color/87.png using Guid(518352c08b3e7eb419c2a04b56da1e61) Importer(815301076,1909f56bfc062723c751e8b465ee728b)  -> (artifact id: '01021731ee80a22eb5f03db78771b7c9') in 0.013210 seconds 
  Import took 0.015784 seconds .

========================================================================
Received Import Request.
  Time since last request: 0.000268 seconds.
  path: Assets/Icons UI/Icons color/92.png
  artifactKey: Guid(28ae4a3c51ce66a4bb320bbf053a1dee) Importer(815301076,1909f56bfc062723c751e8b465ee728b)
Start importing Assets/Icons UI/Icons color/92.png using Guid(28ae4a3c51ce66a4bb320bbf053a1dee) Importer(815301076,1909f56bfc062723c751e8b465ee728b)  -> (artifact id: '6cd7c6299202e8efc236208a86cd0e5a') in 0.012486 seconds 
  Import took 0.015073 seconds .

========================================================================
Received Import Request.
  Time since last request: 0.000166 seconds.
  path: Assets/Icons UI/Icons color/94.png
  artifactKey: Guid(0696ef0b2b12b934a9019221c6a63a63) Importer(815301076,1909f56bfc062723c751e8b465ee728b)
Start importing Assets/Icons UI/Icons color/94.png using Guid(0696ef0b2b12b934a9019221c6a63a63) Importer(815301076,1909f56bfc062723c751e8b465ee728b)  -> (artifact id: 'f48d5acd1c37cc7545f580352452c3eb') in 0.011875 seconds 
  Import took 0.014131 seconds .

========================================================================
Received Import Request.
  Time since last request: 0.000186 seconds.
  path: Assets/Icons UI/Icons color/93.png
  artifactKey: Guid(39f32d4d899bec84c93ccfb832d7af49) Importer(815301076,1909f56bfc062723c751e8b465ee728b)
Start importing Assets/Icons UI/Icons color/93.png using Guid(39f32d4d899bec84c93ccfb832d7af49) Importer(815301076,1909f56bfc062723c751e8b465ee728b)  -> (artifact id: '790e128cb6770ce87a02685714a48ace') in 0.013483 seconds 
  Import took 0.016563 seconds .

========================================================================
Received Import Request.
  Time since last request: 0.000152 seconds.
  path: Assets/Icons UI/Icons color/89.png
  artifactKey: Guid(7189073e20b10bf48924dad0b9eb991d) Importer(815301076,1909f56bfc062723c751e8b465ee728b)
Start importing Assets/Icons UI/Icons color/89.png using Guid(7189073e20b10bf48924dad0b9eb991d) Importer(815301076,1909f56bfc062723c751e8b465ee728b)  -> (artifact id: 'f933006b7c1faa425e5c2b2e20a65aa0') in 0.013634 seconds 
  Import took 0.015856 seconds .

========================================================================
Received Import Request.
  Time since last request: 0.000374 seconds.
  path: Assets/Icons UI/Icons color/95.png
  artifactKey: Guid(b657fb96814d116479adc0929273b946) Importer(815301076,1909f56bfc062723c751e8b465ee728b)
Start importing Assets/Icons UI/Icons color/95.png using Guid(b657fb96814d116479adc0929273b946) Importer(815301076,1909f56bfc062723c751e8b465ee728b)  -> (artifact id: 'be539f7a88a8a13e8877246ca4ec19ce') in 0.012877 seconds 
  Import took 0.015259 seconds .

========================================================================
Received Import Request.
  Time since last request: 0.000189 seconds.
  path: Assets/Icons UI/Icons color/96.png
  artifactKey: Guid(34db34b9a02b2f0499b98e78ebec7f1e) Importer(815301076,1909f56bfc062723c751e8b465ee728b)
Start importing Assets/Icons UI/Icons color/96.png using Guid(34db34b9a02b2f0499b98e78ebec7f1e) Importer(815301076,1909f56bfc062723c751e8b465ee728b)  -> (artifact id: '4918a36d783a708dc92765bf850c922f') in 0.011625 seconds 
  Import took 0.014666 seconds .

========================================================================
Received Prepare
Registering precompiled user dll's ...
Registered in 0.004306 seconds.
Begin MonoManager ReloadAssembly
Native extension for WindowsStandalone target not found
Native extension for WebGL target not found
Refreshing native plugins compatible for Editor in 0.34 ms, found 2 plugins.
Preloading 0 native plugins for Editor in 0.00 ms.
Mono: successfully reloaded assembly
- Completed reload, in  0.712 seconds
Platform modules already initialized, skipping
Refreshing native plugins compatible for Editor in 0.33 ms, found 2 plugins.
Preloading 0 native plugins for Editor in 0.00 ms.
Unloading 1391 Unused Serialized files (Serialized files now loaded: 0)
System memory in use before: 68.7 MB.
System memory in use after: 68.8 MB.

Unloading 14 unused Assets to reduce memory usage. Loaded Objects now: 1902.
Total: 2.104700 ms (FindLiveObjects: 0.145700 ms CreateObjectMapping: 0.041800 ms MarkObjects: 1.866600 ms  DeleteObjects: 0.049500 ms)

AssetImportParameters requested are different than current active one (requested -> active):
  custom:framework-win-MediaFoundation: 216162199b28c13a410421893ffa2e32 -> 
  custom:video-decoder-ogg-theora: a1e56fd34408186e4bbccfd4996cb3dc -> 
  custom:container-muxer-webm: aa71ff27fc2769a1b78a27578f13a17b -> 
  custom:container-demuxer-webm: 4f35f7cbe854078d1ac9338744f61a02 -> 
  custom:container-demuxer-ogg: 62fdf1f143b41e24485cea50d1cbac27 -> 
  custom:video-encoder-webm-vp8: eb34c28f22e8b96e1ab97ce403110664 -> 
  custom:video-codec-MediaFoundation-h265: 746d11721c4dcdbdad8f713fa42b33f4 -> 
  custom:video-decoder-webm-vp8: 9c59270c3fd7afecdb556c50c9e8de78 -> 
  custom:audio-decoder-ogg-vorbis: bf7c407c2cedff20999df2af8eb42d56 -> 
  custom:audio-encoder-webm-vorbis: bf7c407c2cedff20999df2af8eb42d56 -> 
========================================================================
Received Prepare
Registering precompiled user dll's ...
Registered in 0.004655 seconds.
Begin MonoManager ReloadAssembly
Native extension for WindowsStandalone target not found
Native extension for WebGL target not found
Refreshing native plugins compatible for Editor in 0.33 ms, found 2 plugins.
Preloading 0 native plugins for Editor in 0.00 ms.
Mono: successfully reloaded assembly
- Completed reload, in  0.685 seconds
Platform modules already initialized, skipping
Refreshing native plugins compatible for Editor in 0.36 ms, found 2 plugins.
Preloading 0 native plugins for Editor in 0.00 ms.
Unloading 1391 Unused Serialized files (Serialized files now loaded: 0)
System memory in use before: 68.7 MB.
System memory in use after: 68.8 MB.

Unloading 14 unused Assets to reduce memory usage. Loaded Objects now: 1905.
Total: 1.974700 ms (FindLiveObjects: 0.131400 ms CreateObjectMapping: 0.034900 ms MarkObjects: 1.759700 ms  DeleteObjects: 0.047800 ms)

AssetImportParameters requested are different than current active one (requested -> active):
  custom:framework-win-MediaFoundation: 216162199b28c13a410421893ffa2e32 -> 
  custom:video-decoder-ogg-theora: a1e56fd34408186e4bbccfd4996cb3dc -> 
  custom:container-muxer-webm: aa71ff27fc2769a1b78a27578f13a17b -> 
  custom:container-demuxer-webm: 4f35f7cbe854078d1ac9338744f61a02 -> 
  custom:container-demuxer-ogg: 62fdf1f143b41e24485cea50d1cbac27 -> 
  custom:video-encoder-webm-vp8: eb34c28f22e8b96e1ab97ce403110664 -> 
  custom:video-codec-MediaFoundation-h265: 746d11721c4dcdbdad8f713fa42b33f4 -> 
  custom:video-decoder-webm-vp8: 9c59270c3fd7afecdb556c50c9e8de78 -> 
  custom:audio-decoder-ogg-vorbis: bf7c407c2cedff20999df2af8eb42d56 -> 
  custom:audio-encoder-webm-vorbis: bf7c407c2cedff20999df2af8eb42d56 -> 
AssetImportWorkerClient::OnTransportError - code=2 error=End of file
